2023-02-17 11:11:53.749 | INFO     | KeyWords.keyword_web:open:55 - 访问的地址：http://static.6noblexc.net/pc/#/home
2023-02-17 11:11:53.830 | INFO     | KeyWords.keyword_web:input:80 - 正在输入的内容：ybx0007
2023-02-17 11:11:53.881 | INFO     | KeyWords.keyword_web:input:80 - 正在输入的内容：123456
2023-02-17 11:11:53.913 | INFO     | KeyWords.keyword_web:click:85 - 正在点击：//*[@id="app"]/div/div[2]/div/div/div/div[1]/div[2]/div/div[2]/div[2]/div[1]/form/div[3]/label/span/span
2023-02-17 11:11:53.948 | INFO     | KeyWords.keyword_web:click:85 - 正在点击：//span[text()="登录"]
2023-02-17 11:11:55.956 | INFO     | KeyWords.keyword_web:wait:94 - 系统强制休眠2s
2023-02-17 11:12:30.587 | INFO     | KeyWords.keyword_web:open:55 - 访问的地址：http://static.6noblexc.net/pc/#/home
2023-02-17 11:12:30.670 | INFO     | KeyWords.keyword_web:input:80 - 正在输入的内容：ybx0030
2023-02-17 11:12:30.722 | INFO     | KeyWords.keyword_web:input:80 - 正在输入的内容：a123456
2023-02-17 11:12:30.755 | INFO     | KeyWords.keyword_web:click:85 - 正在点击：//*[@id="app"]/div/div[2]/div/div/div/div[1]/div[2]/div/div[2]/div[2]/div[1]/form/div[3]/label/span/span
2023-02-17 11:12:30.789 | INFO     | KeyWords.keyword_web:click:85 - 正在点击：//span[text()="登录"]
2023-02-17 11:12:32.802 | INFO     | KeyWords.keyword_web:wait:94 - 系统强制休眠2s
2023-02-17 11:12:32.852 | INFO     | KeyWords.keyword_web:click:85 - 正在点击：//*[@id="app"]/div/div[2]/div/div[2]/div/div[2]/div/div[1]/button/i
2023-02-17 11:12:33.862 | INFO     | KeyWords.keyword_web:wait:94 - 系统强制休眠1s
2023-02-17 11:12:34.876 | INFO     | KeyWords.keyword_web:wait:94 - 系统强制休眠1s
2023-02-17 11:14:04.127 | INFO     | KeyWords.keyword_web:open:55 - 访问的地址：http://static.6noblexc.net/pc/#/home
2023-02-17 11:14:04.207 | INFO     | KeyWords.keyword_web:input:80 - 正在输入的内容：ybx0095
2023-02-17 11:14:04.260 | INFO     | KeyWords.keyword_web:input:80 - 正在输入的内容：a123456
2023-02-17 11:14:04.294 | INFO     | KeyWords.keyword_web:click:85 - 正在点击：//*[@id="app"]/div/div[2]/div/div/div/div[1]/div[2]/div/div[2]/div[2]/div[1]/form/div[3]/label/span/span
2023-02-17 11:14:04.328 | INFO     | KeyWords.keyword_web:click:85 - 正在点击：//span[text()="登录"]
2023-02-17 11:14:06.341 | INFO     | KeyWords.keyword_web:wait:94 - 系统强制休眠2s
2023-02-17 11:14:06.390 | INFO     | KeyWords.keyword_web:click:85 - 正在点击：//*[@id="app"]/div/div[2]/div/div[2]/div/div[2]/div/div[1]/button/i
2023-02-17 11:14:07.402 | INFO     | KeyWords.keyword_web:wait:94 - 系统强制休眠1s
2023-02-17 11:14:08.418 | INFO     | KeyWords.keyword_web:wait:94 - 系统强制休眠1s
2023-02-17 11:28:40.672 | INFO     | KeyWords.keyword_web:open:55 - 访问的地址：http://static.6noblexc.net/pc/#/home
2023-02-17 11:28:40.751 | INFO     | KeyWords.keyword_web:input:80 - 正在输入的内容：ybx0075
2023-02-17 11:28:40.803 | INFO     | KeyWords.keyword_web:input:80 - 正在输入的内容：a123456
2023-02-17 11:28:40.838 | INFO     | KeyWords.keyword_web:click:85 - 正在点击：//*[@id="app"]/div/div[2]/div/div/div/div[1]/div[2]/div/div[2]/div[2]/div[1]/form/div[3]/label/span/span
2023-02-17 11:28:40.872 | INFO     | KeyWords.keyword_web:click:85 - 正在点击：//span[text()="登录"]
2023-02-17 11:28:42.874 | INFO     | KeyWords.keyword_web:wait:94 - 系统强制休眠2s
2023-02-17 11:28:42.923 | INFO     | KeyWords.keyword_web:click:85 - 正在点击：//*[@id="app"]/div/div[2]/div/div[2]/div/div[2]/div/div[1]/button/i
2023-02-17 11:28:43.935 | INFO     | KeyWords.keyword_web:wait:94 - 系统强制休眠1s
2023-02-17 11:28:44.945 | INFO     | KeyWords.keyword_web:wait:94 - 系统强制休眠1s
2023-02-17 11:28:46.237 | INFO     | KeyWords.keyword_web:wait:94 - 系统强制休眠1s
2023-02-17 11:28:46.272 | INFO     | KeyWords.keyword_web:click:85 - 正在点击：//*[text()="个人中心"]
2023-02-17 11:28:47.282 | INFO     | KeyWords.keyword_web:wait:94 - 系统强制休眠1s
2023-02-17 11:28:47.317 | INFO     | KeyWords.keyword_web:click:85 - 正在点击：//*[text()="我的测评"]
2023-02-17 11:28:48.325 | INFO     | KeyWords.keyword_web:wait:94 - 系统强制休眠1s
2023-02-17 11:28:48.357 | INFO     | KeyWords.keyword_web:click:85 - 正在点击：//*[text()="已测评"]
2023-02-17 11:28:50.362 | INFO     | KeyWords.keyword_web:wait:94 - 系统强制休眠2s
2023-02-17 11:28:50.405 | INFO     | KeyWords.keyword_web:click:85 - 正在点击：//*[text()="待测评"]
2023-02-17 11:28:52.407 | INFO     | KeyWords.keyword_web:wait:94 - 系统强制休眠2s
2023-02-17 11:28:52.444 | INFO     | KeyWords.keyword_web:click:85 - 正在点击：//*[text()=" 开始测试 "]
2023-02-17 11:28:54.450 | INFO     | KeyWords.keyword_web:wait:94 - 系统强制休眠2s
2023-02-17 11:28:54.483 | INFO     | KeyWords.keyword_web:click:85 - 正在点击：//*[@id="app"]/div/div[2]/div/div[1]/div/div/div/div/div[3]/div[1]/button
2023-02-17 11:28:54.517 | INFO     | KeyWords.keyword_web:click:85 - 正在点击：//*[text()=" 下一步 "]
2023-02-17 11:28:56.517 | INFO     | KeyWords.keyword_web:wait:94 - 系统强制休眠2s
2023-02-17 11:28:56.572 | INFO     | KeyWords.keyword_web:click:85 - 正在点击：//*[@id="app"]/div/div[2]/div/div[1]/div/div/div/div/div[2]/form/div[1]/div/div/div/div[1]/input
2023-02-17 11:28:57.574 | INFO     | KeyWords.keyword_web:wait:94 - 系统强制休眠1s
2023-02-17 11:28:58.588 | INFO     | KeyWords.keyword_web:wait:94 - 系统强制休眠1s
2023-02-17 11:28:58.740 | INFO     | KeyWords.keyword_web:click:85 - 正在点击：//*[@id="app"]/div/div[2]/div/div[1]/div/div/div/div/div[2]/form/div[2]/div/div/div/div[1]/input
2023-02-17 11:28:59.757 | INFO     | KeyWords.keyword_web:wait:94 - 系统强制休眠1s
2023-02-17 11:28:59.892 | INFO     | KeyWords.keyword_web:click:85 - 正在点击：//*[@id="app"]/div/div[2]/div/div[1]/div/div/div/div/div[2]/form/div[3]/div/div/div/div[1]/input
2023-02-17 11:29:00.912 | INFO     | KeyWords.keyword_web:wait:94 - 系统强制休眠1s
2023-02-17 11:29:01.053 | INFO     | KeyWords.keyword_web:click:85 - 正在点击：//*[@id="app"]/div/div[2]/div/div[1]/div/div/div/div/div[2]/form/div[4]/div/div/div/div[1]/input
2023-02-17 11:29:02.066 | INFO     | KeyWords.keyword_web:wait:94 - 系统强制休眠1s
2023-02-17 11:29:02.201 | INFO     | KeyWords.keyword_web:click:85 - 正在点击：//*[@id="app"]/div/div[2]/div/div[1]/div/div/div/div/div[2]/form/div[5]/div/div/div/div[1]/input
2023-02-17 11:29:03.218 | INFO     | KeyWords.keyword_web:wait:94 - 系统强制休眠1s
2023-02-17 11:29:04.260 | INFO     | KeyWords.keyword_web:wait:94 - 系统强制休眠1s
2023-02-17 11:29:04.301 | INFO     | KeyWords.keyword_web:click:85 - 正在点击：//*[@id="app"]/div/div[2]/div/div[1]/div/div/div/div/div[2]/form/div[6]/div/div/div/div[1]/input
2023-02-17 11:29:05.319 | INFO     | KeyWords.keyword_web:wait:94 - 系统强制休眠1s
2023-02-17 11:29:06.349 | INFO     | KeyWords.keyword_web:wait:94 - 系统强制休眠1s
2023-02-17 11:29:06.388 | INFO     | KeyWords.keyword_web:click:85 - 正在点击：//*[@id="app"]/div/div[2]/div/div[1]/div/div/div/div/div[2]/form/div[7]/div/div/div/div[1]/input
2023-02-17 11:29:07.407 | INFO     | KeyWords.keyword_web:wait:94 - 系统强制休眠1s
2023-02-17 11:29:08.438 | INFO     | KeyWords.keyword_web:wait:94 - 系统强制休眠1s
2023-02-17 11:29:08.474 | INFO     | KeyWords.keyword_web:click:85 - 正在点击：//*[@id="app"]/div/div[2]/div/div[1]/div/div/div/div/button
2023-02-17 11:29:09.483 | INFO     | KeyWords.keyword_web:wait:94 - 系统强制休眠1s
2023-02-17 11:29:12.486 | INFO     | KeyWords.keyword_web:wait:94 - 系统强制休眠3s
2023-02-17 11:29:13.030 | INFO     | KeyWords.keyword_web:wait:94 - 系统强制休眠0.5s
2023-02-17 11:29:13.577 | INFO     | KeyWords.keyword_web:wait:94 - 系统强制休眠0.5s
2023-02-17 11:29:14.125 | INFO     | KeyWords.keyword_web:wait:94 - 系统强制休眠0.5s
2023-02-17 11:29:14.670 | INFO     | KeyWords.keyword_web:wait:94 - 系统强制休眠0.5s
2023-02-17 11:29:15.219 | INFO     | KeyWords.keyword_web:wait:94 - 系统强制休眠0.5s
2023-02-17 11:29:15.748 | INFO     | KeyWords.keyword_web:wait:94 - 系统强制休眠0.5s
2023-02-17 11:29:16.297 | INFO     | KeyWords.keyword_web:wait:94 - 系统强制休眠0.5s
2023-02-17 11:29:16.840 | INFO     | KeyWords.keyword_web:wait:94 - 系统强制休眠0.5s
2023-02-17 11:29:17.371 | INFO     | KeyWords.keyword_web:wait:94 - 系统强制休眠0.5s
2023-02-17 11:29:17.901 | INFO     | KeyWords.keyword_web:wait:94 - 系统强制休眠0.5s
2023-02-17 11:29:18.436 | INFO     | KeyWords.keyword_web:wait:94 - 系统强制休眠0.5s
2023-02-17 11:29:18.966 | INFO     | KeyWords.keyword_web:wait:94 - 系统强制休眠0.5s
2023-02-17 11:29:19.511 | INFO     | KeyWords.keyword_web:wait:94 - 系统强制休眠0.5s
2023-02-17 11:29:20.054 | INFO     | KeyWords.keyword_web:wait:94 - 系统强制休眠0.5s
2023-02-17 11:29:20.598 | INFO     | KeyWords.keyword_web:wait:94 - 系统强制休眠0.5s
2023-02-17 11:29:21.127 | INFO     | KeyWords.keyword_web:wait:94 - 系统强制休眠0.5s
2023-02-17 11:29:21.674 | INFO     | KeyWords.keyword_web:wait:94 - 系统强制休眠0.5s
2023-02-17 11:29:22.219 | INFO     | KeyWords.keyword_web:wait:94 - 系统强制休眠0.5s
2023-02-17 11:29:22.749 | INFO     | KeyWords.keyword_web:wait:94 - 系统强制休眠0.5s
2023-02-17 11:29:23.281 | INFO     | KeyWords.keyword_web:wait:94 - 系统强制休眠0.5s
2023-02-17 11:29:23.816 | INFO     | KeyWords.keyword_web:wait:94 - 系统强制休眠0.5s
2023-02-17 11:29:24.343 | INFO     | KeyWords.keyword_web:wait:94 - 系统强制休眠0.5s
2023-02-17 11:29:24.886 | INFO     | KeyWords.keyword_web:wait:94 - 系统强制休眠0.5s
2023-02-17 11:29:25.431 | INFO     | KeyWords.keyword_web:wait:94 - 系统强制休眠0.5s
2023-02-17 11:29:25.975 | INFO     | KeyWords.keyword_web:wait:94 - 系统强制休眠0.5s
2023-02-17 11:29:26.520 | INFO     | KeyWords.keyword_web:wait:94 - 系统强制休眠0.5s
2023-02-17 11:29:27.052 | INFO     | KeyWords.keyword_web:wait:94 - 系统强制休眠0.5s
2023-02-17 11:29:27.593 | INFO     | KeyWords.keyword_web:wait:94 - 系统强制休眠0.5s
2023-02-17 11:29:28.127 | INFO     | KeyWords.keyword_web:wait:94 - 系统强制休眠0.5s
2023-02-17 11:29:28.670 | INFO     | KeyWords.keyword_web:wait:94 - 系统强制休眠0.5s
2023-02-17 11:29:29.216 | INFO     | KeyWords.keyword_web:wait:94 - 系统强制休眠0.5s
2023-02-17 11:29:29.745 | INFO     | KeyWords.keyword_web:wait:94 - 系统强制休眠0.5s
2023-02-17 11:29:30.290 | INFO     | KeyWords.keyword_web:wait:94 - 系统强制休眠0.5s
2023-02-17 11:29:30.833 | INFO     | KeyWords.keyword_web:wait:94 - 系统强制休眠0.5s
2023-02-17 11:29:31.367 | INFO     | KeyWords.keyword_web:wait:94 - 系统强制休眠0.5s
2023-02-17 11:29:31.913 | INFO     | KeyWords.keyword_web:wait:94 - 系统强制休眠0.5s
2023-02-17 11:29:32.457 | INFO     | KeyWords.keyword_web:wait:94 - 系统强制休眠0.5s
2023-02-17 11:29:32.986 | INFO     | KeyWords.keyword_web:wait:94 - 系统强制休眠0.5s
2023-02-17 11:29:33.518 | INFO     | KeyWords.keyword_web:wait:94 - 系统强制休眠0.5s
2023-02-17 11:29:34.062 | INFO     | KeyWords.keyword_web:wait:94 - 系统强制休眠0.5s
2023-02-17 11:29:34.606 | INFO     | KeyWords.keyword_web:wait:94 - 系统强制休眠0.5s
2023-02-17 11:29:35.152 | INFO     | KeyWords.keyword_web:wait:94 - 系统强制休眠0.5s
2023-02-17 11:29:35.695 | INFO     | KeyWords.keyword_web:wait:94 - 系统强制休眠0.5s
2023-02-17 11:29:36.242 | INFO     | KeyWords.keyword_web:wait:94 - 系统强制休眠0.5s
2023-02-17 11:29:36.789 | INFO     | KeyWords.keyword_web:wait:94 - 系统强制休眠0.5s
2023-02-17 11:29:37.319 | INFO     | KeyWords.keyword_web:wait:94 - 系统强制休眠0.5s
2023-02-17 11:29:37.857 | INFO     | KeyWords.keyword_web:wait:94 - 系统强制休眠0.5s
2023-02-17 11:29:38.393 | INFO     | KeyWords.keyword_web:wait:94 - 系统强制休眠0.5s
2023-02-17 11:29:38.939 | INFO     | KeyWords.keyword_web:wait:94 - 系统强制休眠0.5s
2023-02-17 11:29:39.485 | INFO     | KeyWords.keyword_web:wait:94 - 系统强制休眠0.5s
2023-02-17 11:29:40.016 | INFO     | KeyWords.keyword_web:wait:94 - 系统强制休眠0.5s
2023-02-17 11:29:40.563 | INFO     | KeyWords.keyword_web:wait:94 - 系统强制休眠0.5s
2023-02-17 11:29:41.093 | INFO     | KeyWords.keyword_web:wait:94 - 系统强制休眠0.5s
2023-02-17 11:29:41.652 | INFO     | KeyWords.keyword_web:wait:94 - 系统强制休眠0.5s
2023-02-17 11:29:42.196 | INFO     | KeyWords.keyword_web:wait:94 - 系统强制休眠0.5s
2023-02-17 11:29:42.725 | INFO     | KeyWords.keyword_web:wait:94 - 系统强制休眠0.5s
2023-02-17 11:29:43.269 | INFO     | KeyWords.keyword_web:wait:94 - 系统强制休眠0.5s
2023-02-17 11:29:43.801 | INFO     | KeyWords.keyword_web:wait:94 - 系统强制休眠0.5s
2023-02-17 11:29:44.347 | INFO     | KeyWords.keyword_web:wait:94 - 系统强制休眠0.5s
2023-02-17 11:29:44.877 | INFO     | KeyWords.keyword_web:wait:94 - 系统强制休眠0.5s
2023-02-17 11:29:45.422 | INFO     | KeyWords.keyword_web:wait:94 - 系统强制休眠0.5s
2023-02-17 11:29:45.953 | INFO     | KeyWords.keyword_web:wait:94 - 系统强制休眠0.5s
2023-02-17 11:29:46.497 | INFO     | KeyWords.keyword_web:wait:94 - 系统强制休眠0.5s
2023-02-17 11:29:47.044 | INFO     | KeyWords.keyword_web:wait:94 - 系统强制休眠0.5s
2023-02-17 11:29:47.576 | INFO     | KeyWords.keyword_web:wait:94 - 系统强制休眠0.5s
2023-02-17 11:29:48.108 | INFO     | KeyWords.keyword_web:wait:94 - 系统强制休眠0.5s
2023-02-17 11:29:48.653 | INFO     | KeyWords.keyword_web:wait:94 - 系统强制休眠0.5s
2023-02-17 11:29:49.182 | INFO     | KeyWords.keyword_web:wait:94 - 系统强制休眠0.5s
2023-02-17 11:29:49.725 | INFO     | KeyWords.keyword_web:wait:94 - 系统强制休眠0.5s
2023-02-17 11:29:50.256 | INFO     | KeyWords.keyword_web:wait:94 - 系统强制休眠0.5s
2023-02-17 11:29:50.787 | INFO     | KeyWords.keyword_web:wait:94 - 系统强制休眠0.5s
2023-02-17 11:29:51.329 | INFO     | KeyWords.keyword_web:wait:94 - 系统强制休眠0.5s
2023-02-17 11:29:51.861 | INFO     | KeyWords.keyword_web:wait:94 - 系统强制休眠0.5s
2023-02-17 11:29:52.396 | INFO     | KeyWords.keyword_web:wait:94 - 系统强制休眠0.5s
2023-02-17 11:29:52.930 | INFO     | KeyWords.keyword_web:wait:94 - 系统强制休眠0.5s
2023-02-17 11:29:52.993 | INFO     | KeyWords.keyword_web:click:85 - 正在点击：//span[text()="提交"]
2023-02-17 11:29:57.999 | INFO     | KeyWords.keyword_web:wait:94 - 系统强制休眠5s
