2023-02-14 16:59:53.664 | INFO     | KeyWords.keyword_web:open:55 - 访问的地址：http://static.6noblexc.net/pc/#/home
2023-02-14 16:59:53.729 | INFO     | KeyWords.keyword_web:input:80 - 正在输入的内容：18500000291
2023-02-14 17:01:28.899 | INFO     | KeyWords.keyword_web:open:55 - 访问的地址：http://static.6noblexc.net/pc/#/home
2023-02-14 17:01:28.964 | INFO     | KeyWords.keyword_web:input:80 - 正在输入的内容：18500000288
2023-02-14 17:01:29.018 | INFO     | KeyWords.keyword_web:input:80 - 正在输入的内容：a123456
2023-02-14 17:01:29.052 | INFO     | KeyWords.keyword_web:click:85 - 正在点击：//*[@id="app"]/div/div[2]/div/div/div/div[1]/div[2]/div/div[2]/div[2]/div[1]/form/div[3]/label/span/span
2023-02-14 17:01:29.087 | INFO     | KeyWords.keyword_web:click:85 - 正在点击：//span[text()="登录"]
2023-02-14 17:01:31.102 | INFO     | KeyWords.keyword_web:wait:94 - 系统强制休眠2s
2023-02-14 17:01:31.149 | INFO     | KeyWords.keyword_web:click:85 - 正在点击：//*[@id="app"]/div/div[2]/div/div[2]/div/div[2]/div/div[1]/button/i
2023-02-14 17:01:32.161 | INFO     | KeyWords.keyword_web:wait:94 - 系统强制休眠1s
2023-02-14 17:01:33.176 | INFO     | KeyWords.keyword_web:wait:94 - 系统强制休眠1s
2023-02-14 17:01:34.466 | INFO     | KeyWords.keyword_web:wait:94 - 系统强制休眠1s
2023-02-14 17:01:34.499 | INFO     | KeyWords.keyword_web:click:85 - 正在点击：//*[text()="个人中心"]
2023-02-14 17:01:35.505 | INFO     | KeyWords.keyword_web:wait:94 - 系统强制休眠1s
2023-02-14 17:01:35.538 | INFO     | KeyWords.keyword_web:click:85 - 正在点击：//*[text()="我的测评"]
2023-02-14 17:01:36.548 | INFO     | KeyWords.keyword_web:wait:94 - 系统强制休眠1s
2023-02-14 17:01:36.580 | INFO     | KeyWords.keyword_web:click:85 - 正在点击：//*[text()="已测评"]
2023-02-14 17:01:38.584 | INFO     | KeyWords.keyword_web:wait:94 - 系统强制休眠2s
2023-02-14 17:03:50.576 | INFO     | KeyWords.keyword_web:open:55 - 访问的地址：http://static.6noblexc.net/pc/#/home
2023-02-14 17:03:50.663 | INFO     | KeyWords.keyword_web:input:80 - 正在输入的内容：18500000081
2023-02-14 17:03:50.722 | INFO     | KeyWords.keyword_web:input:80 - 正在输入的内容：a123456
2023-02-14 17:03:50.754 | INFO     | KeyWords.keyword_web:click:85 - 正在点击：//*[@id="app"]/div/div[2]/div/div/div/div[1]/div[2]/div/div[2]/div[2]/div[1]/form/div[3]/label/span/span
2023-02-14 17:03:50.791 | INFO     | KeyWords.keyword_web:click:85 - 正在点击：//span[text()="登录"]
2023-02-14 17:03:52.804 | INFO     | KeyWords.keyword_web:wait:94 - 系统强制休眠2s
2023-02-14 17:03:52.849 | INFO     | KeyWords.keyword_web:click:85 - 正在点击：//*[@id="app"]/div/div[2]/div/div[2]/div/div[2]/div/div[1]/button/i
2023-02-14 17:03:53.863 | INFO     | KeyWords.keyword_web:wait:94 - 系统强制休眠1s
2023-02-14 17:03:54.866 | INFO     | KeyWords.keyword_web:wait:94 - 系统强制休眠1s
2023-02-14 17:03:56.158 | INFO     | KeyWords.keyword_web:wait:94 - 系统强制休眠1s
2023-02-14 17:04:12.815 | INFO     | KeyWords.keyword_web:open:55 - 访问的地址：http://static.6noblexc.net/pc/#/home
2023-02-14 17:04:12.903 | INFO     | KeyWords.keyword_web:input:80 - 正在输入的内容：18500000001
2023-02-14 17:04:12.955 | INFO     | KeyWords.keyword_web:input:80 - 正在输入的内容：a123456
2023-02-14 17:04:12.988 | INFO     | KeyWords.keyword_web:click:85 - 正在点击：//*[@id="app"]/div/div[2]/div/div/div/div[1]/div[2]/div/div[2]/div[2]/div[1]/form/div[3]/label/span/span
2023-02-14 17:04:13.023 | INFO     | KeyWords.keyword_web:click:85 - 正在点击：//span[text()="登录"]
2023-02-14 17:04:15.039 | INFO     | KeyWords.keyword_web:wait:94 - 系统强制休眠2s
2023-02-14 17:04:15.085 | INFO     | KeyWords.keyword_web:click:85 - 正在点击：//*[@id="app"]/div/div[2]/div/div[2]/div/div[2]/div/div[1]/button/i
2023-02-14 17:04:16.098 | INFO     | KeyWords.keyword_web:wait:94 - 系统强制休眠1s
2023-02-14 17:04:17.099 | INFO     | KeyWords.keyword_web:wait:94 - 系统强制休眠1s
2023-02-14 17:04:18.392 | INFO     | KeyWords.keyword_web:wait:94 - 系统强制休眠1s
2023-02-14 17:04:18.425 | INFO     | KeyWords.keyword_web:click:85 - 正在点击：//*[text()="个人中心"]
2023-02-14 17:04:19.437 | INFO     | KeyWords.keyword_web:wait:94 - 系统强制休眠1s
2023-02-14 17:04:19.471 | INFO     | KeyWords.keyword_web:click:85 - 正在点击：//*[text()="我的测评"]
2023-02-14 17:04:20.484 | INFO     | KeyWords.keyword_web:wait:94 - 系统强制休眠1s
2023-02-14 17:04:20.516 | INFO     | KeyWords.keyword_web:click:85 - 正在点击：//*[text()="已测评"]
2023-02-14 17:04:22.523 | INFO     | KeyWords.keyword_web:wait:94 - 系统强制休眠2s
2023-02-14 17:08:42.220 | INFO     | KeyWords.keyword_web:open:55 - 访问的地址：http://static.6noblexc.net/pc/#/home
2023-02-14 17:08:42.311 | INFO     | KeyWords.keyword_web:input:80 - 正在输入的内容：18500000127
2023-02-14 17:08:42.367 | INFO     | KeyWords.keyword_web:input:80 - 正在输入的内容：a123456
2023-02-14 17:08:42.403 | INFO     | KeyWords.keyword_web:click:85 - 正在点击：//*[@id="app"]/div/div[2]/div/div/div/div[1]/div[2]/div/div[2]/div[2]/div[1]/form/div[3]/label/span/span
2023-02-14 17:08:42.438 | INFO     | KeyWords.keyword_web:click:85 - 正在点击：//span[text()="登录"]
2023-02-14 17:08:44.440 | INFO     | KeyWords.keyword_web:wait:94 - 系统强制休眠2s
2023-02-14 17:08:44.494 | INFO     | KeyWords.keyword_web:click:85 - 正在点击：//*[@id="app"]/div/div[2]/div/div[2]/div/div[2]/div/div[1]/button/i
2023-02-14 17:08:45.500 | INFO     | KeyWords.keyword_web:wait:94 - 系统强制休眠1s
2023-02-14 17:08:46.502 | INFO     | KeyWords.keyword_web:wait:94 - 系统强制休眠1s
2023-02-14 17:08:47.786 | INFO     | KeyWords.keyword_web:wait:94 - 系统强制休眠1s
2023-02-14 17:08:47.819 | INFO     | KeyWords.keyword_web:click:85 - 正在点击：//*[text()="个人中心"]
2023-02-14 17:08:48.830 | INFO     | KeyWords.keyword_web:wait:94 - 系统强制休眠1s
2023-02-14 17:08:48.862 | INFO     | KeyWords.keyword_web:click:85 - 正在点击：//*[text()="我的测评"]
2023-02-14 17:08:49.871 | INFO     | KeyWords.keyword_web:wait:94 - 系统强制休眠1s
2023-02-14 17:08:49.900 | INFO     | KeyWords.keyword_web:click:85 - 正在点击：//*[text()="已测评"]
2023-02-14 17:08:51.903 | INFO     | KeyWords.keyword_web:wait:94 - 系统强制休眠2s
2023-02-14 17:08:51.948 | INFO     | KeyWords.keyword_web:click:85 - 正在点击：//*[text()="待测评"]
2023-02-14 17:08:53.959 | INFO     | KeyWords.keyword_web:wait:94 - 系统强制休眠2s
2023-02-14 17:08:53.994 | INFO     | KeyWords.keyword_web:click:85 - 正在点击：//*[text()=" 开始测试 "]
2023-02-14 17:08:56.003 | INFO     | KeyWords.keyword_web:wait:94 - 系统强制休眠2s
2023-02-14 17:08:56.038 | INFO     | KeyWords.keyword_web:click:85 - 正在点击：//*[@id="app"]/div/div[2]/div/div[1]/div/div/div/div/div[3]/div[1]/button
2023-02-14 17:08:56.069 | INFO     | KeyWords.keyword_web:click:85 - 正在点击：//*[text()=" 下一步 "]
2023-02-14 17:08:58.074 | INFO     | KeyWords.keyword_web:wait:94 - 系统强制休眠2s
2023-02-14 17:08:58.126 | INFO     | KeyWords.keyword_web:click:85 - 正在点击：//*[@id="app"]/div/div[2]/div/div[1]/div/div/div/div/div[2]/form/div[2]/div/div/div/div/input
2023-02-14 17:08:58.277 | INFO     | KeyWords.keyword_web:input:80 - 正在输入的内容：8班
2023-02-14 17:08:58.334 | INFO     | KeyWords.keyword_web:click:85 - 正在点击：//*[@id="app"]/div/div[2]/div/div[1]/div/div/div/div/div[2]/form/div[3]/div/div/div/div/input
2023-02-14 17:08:59.431 | INFO     | KeyWords.keyword_web:wait:94 - 系统强制休眠1s
2023-02-14 17:10:39.378 | INFO     | KeyWords.keyword_web:open:55 - 访问的地址：http://static.6noblexc.net/pc/#/home
2023-02-14 17:10:39.467 | INFO     | KeyWords.keyword_web:input:80 - 正在输入的内容：18500000065
2023-02-14 17:10:39.518 | INFO     | KeyWords.keyword_web:input:80 - 正在输入的内容：a123456
2023-02-14 17:10:39.552 | INFO     | KeyWords.keyword_web:click:85 - 正在点击：//*[@id="app"]/div/div[2]/div/div/div/div[1]/div[2]/div/div[2]/div[2]/div[1]/form/div[3]/label/span/span
2023-02-14 17:10:39.586 | INFO     | KeyWords.keyword_web:click:85 - 正在点击：//span[text()="登录"]
2023-02-14 17:10:41.595 | INFO     | KeyWords.keyword_web:wait:94 - 系统强制休眠2s
2023-02-14 17:10:42.926 | INFO     | KeyWords.keyword_web:wait:94 - 系统强制休眠1s
2023-02-14 17:10:47.488 | INFO     | KeyWords.keyword_web:click:85 - 正在点击：//*[text()="个人中心"]
2023-02-14 17:10:48.498 | INFO     | KeyWords.keyword_web:wait:94 - 系统强制休眠1s
2023-02-14 17:10:56.608 | INFO     | KeyWords.keyword_web:open:55 - 访问的地址：http://static.6noblexc.net/pc/#/home
2023-02-14 17:10:56.691 | INFO     | KeyWords.keyword_web:input:80 - 正在输入的内容：18500000252
2023-02-14 17:10:56.742 | INFO     | KeyWords.keyword_web:input:80 - 正在输入的内容：a123456
2023-02-14 17:10:56.775 | INFO     | KeyWords.keyword_web:click:85 - 正在点击：//*[@id="app"]/div/div[2]/div/div/div/div[1]/div[2]/div/div[2]/div[2]/div[1]/form/div[3]/label/span/span
2023-02-14 17:10:56.807 | INFO     | KeyWords.keyword_web:click:85 - 正在点击：//span[text()="登录"]
2023-02-14 17:10:58.821 | INFO     | KeyWords.keyword_web:wait:94 - 系统强制休眠2s
2023-02-14 17:10:58.870 | INFO     | KeyWords.keyword_web:click:85 - 正在点击：//*[@id="app"]/div/div[2]/div/div[2]/div/div[2]/div/div[1]/button/i
2023-02-14 17:10:59.883 | INFO     | KeyWords.keyword_web:wait:94 - 系统强制休眠1s
2023-02-14 17:11:00.897 | INFO     | KeyWords.keyword_web:wait:94 - 系统强制休眠1s
2023-02-14 17:11:02.199 | INFO     | KeyWords.keyword_web:wait:94 - 系统强制休眠1s
2023-02-14 17:11:02.232 | INFO     | KeyWords.keyword_web:click:85 - 正在点击：//*[text()="个人中心"]
2023-02-14 17:11:03.247 | INFO     | KeyWords.keyword_web:wait:94 - 系统强制休眠1s
2023-02-14 17:11:03.281 | INFO     | KeyWords.keyword_web:click:85 - 正在点击：//*[text()="我的测评"]
2023-02-14 17:11:04.287 | INFO     | KeyWords.keyword_web:wait:94 - 系统强制休眠1s
2023-02-14 17:11:04.320 | INFO     | KeyWords.keyword_web:click:85 - 正在点击：//*[text()="已测评"]
2023-02-14 17:11:06.326 | INFO     | KeyWords.keyword_web:wait:94 - 系统强制休眠2s
2023-02-14 17:11:06.373 | INFO     | KeyWords.keyword_web:click:85 - 正在点击：//*[text()="待测评"]
2023-02-14 17:11:08.380 | INFO     | KeyWords.keyword_web:wait:94 - 系统强制休眠2s
2023-02-14 17:11:08.415 | INFO     | KeyWords.keyword_web:click:85 - 正在点击：//*[text()=" 开始测试 "]
2023-02-14 17:11:10.430 | INFO     | KeyWords.keyword_web:wait:94 - 系统强制休眠2s
2023-02-14 17:11:10.464 | INFO     | KeyWords.keyword_web:click:85 - 正在点击：//*[@id="app"]/div/div[2]/div/div[1]/div/div/div/div/div[3]/div[1]/button
2023-02-14 17:11:10.495 | INFO     | KeyWords.keyword_web:click:85 - 正在点击：//*[text()=" 下一步 "]
2023-02-14 17:11:12.499 | INFO     | KeyWords.keyword_web:wait:94 - 系统强制休眠2s
2023-02-14 17:11:12.551 | INFO     | KeyWords.keyword_web:click:85 - 正在点击：//*[@id="app"]/div/div[2]/div/div[1]/div/div/div/div/div[2]/form/div[2]/div/div/div/div/input
2023-02-14 17:11:12.695 | INFO     | KeyWords.keyword_web:input:80 - 正在输入的内容：8班
2023-02-14 17:11:12.747 | INFO     | KeyWords.keyword_web:click:85 - 正在点击：//*[@id="app"]/div/div[2]/div/div[1]/div/div/div/div/div[2]/form/div[3]/div/div/div/div/input
2023-02-14 17:11:13.852 | INFO     | KeyWords.keyword_web:wait:94 - 系统强制休眠1s
2023-02-14 17:11:25.434 | INFO     | KeyWords.keyword_web:wait:94 - 系统强制休眠1s
2023-02-14 17:12:01.717 | INFO     | KeyWords.keyword_web:open:55 - 访问的地址：http://static.6noblexc.net/pc/#/home
2023-02-14 17:12:01.777 | INFO     | KeyWords.keyword_web:input:80 - 正在输入的内容：18500000168
2023-02-14 17:12:01.832 | INFO     | KeyWords.keyword_web:input:80 - 正在输入的内容：a123456
2023-02-14 17:12:01.882 | INFO     | KeyWords.keyword_web:click:85 - 正在点击：//*[@id="app"]/div/div[2]/div/div/div/div[1]/div[2]/div/div[2]/div[2]/div[1]/form/div[3]/label/span/span
2023-02-14 17:12:01.917 | INFO     | KeyWords.keyword_web:click:85 - 正在点击：//span[text()="登录"]
2023-02-14 17:12:03.922 | INFO     | KeyWords.keyword_web:wait:94 - 系统强制休眠2s
2023-02-14 17:12:03.970 | INFO     | KeyWords.keyword_web:click:85 - 正在点击：//*[@id="app"]/div/div[2]/div/div[2]/div/div[2]/div/div[1]/button/i
2023-02-14 17:12:04.976 | INFO     | KeyWords.keyword_web:wait:94 - 系统强制休眠1s
2023-02-14 17:12:05.976 | INFO     | KeyWords.keyword_web:wait:94 - 系统强制休眠1s
2023-02-14 17:12:07.263 | INFO     | KeyWords.keyword_web:wait:94 - 系统强制休眠1s
2023-02-14 17:12:07.293 | INFO     | KeyWords.keyword_web:click:85 - 正在点击：//*[text()="个人中心"]
2023-02-14 17:12:08.302 | INFO     | KeyWords.keyword_web:wait:94 - 系统强制休眠1s
2023-02-14 17:12:08.336 | INFO     | KeyWords.keyword_web:click:85 - 正在点击：//*[text()="我的测评"]
2023-02-14 17:12:09.343 | INFO     | KeyWords.keyword_web:wait:94 - 系统强制休眠1s
2023-02-14 17:12:09.376 | INFO     | KeyWords.keyword_web:click:85 - 正在点击：//*[text()="已测评"]
2023-02-14 17:12:11.386 | INFO     | KeyWords.keyword_web:wait:94 - 系统强制休眠2s
2023-02-14 17:12:11.432 | INFO     | KeyWords.keyword_web:click:85 - 正在点击：//*[text()="待测评"]
2023-02-14 17:12:13.432 | INFO     | KeyWords.keyword_web:wait:94 - 系统强制休眠2s
2023-02-14 17:12:13.466 | INFO     | KeyWords.keyword_web:click:85 - 正在点击：//*[text()=" 开始测试 "]
2023-02-14 17:12:15.469 | INFO     | KeyWords.keyword_web:wait:94 - 系统强制休眠2s
2023-02-14 17:12:15.500 | INFO     | KeyWords.keyword_web:click:85 - 正在点击：//*[@id="app"]/div/div[2]/div/div[1]/div/div/div/div/div[3]/div[1]/button
2023-02-14 17:12:15.530 | INFO     | KeyWords.keyword_web:click:85 - 正在点击：//*[text()=" 下一步 "]
2023-02-14 17:12:17.534 | INFO     | KeyWords.keyword_web:wait:94 - 系统强制休眠2s
2023-02-14 17:12:17.589 | INFO     | KeyWords.keyword_web:click:85 - 正在点击：//*[@id="app"]/div/div[2]/div/div[1]/div/div/div/div/div[2]/form/div[2]/div/div/div/div/input
2023-02-14 17:12:17.724 | INFO     | KeyWords.keyword_web:input:80 - 正在输入的内容：8班
2023-02-14 17:12:17.776 | INFO     | KeyWords.keyword_web:click:85 - 正在点击：//*[@id="app"]/div/div[2]/div/div[1]/div/div/div/div/div[2]/form/div[3]/div/div/div/div/input
2023-02-14 17:12:18.871 | INFO     | KeyWords.keyword_web:wait:94 - 系统强制休眠1s
2023-02-14 17:12:30.506 | INFO     | KeyWords.keyword_web:wait:94 - 系统强制休眠1s
2023-02-14 17:12:30.548 | INFO     | KeyWords.keyword_web:click:85 - 正在点击：//*[text()="个人中心"]
2023-02-14 17:12:31.550 | INFO     | KeyWords.keyword_web:wait:94 - 系统强制休眠1s
2023-02-14 17:12:31.590 | INFO     | KeyWords.keyword_web:click:85 - 正在点击：//*[text()="我的测评"]
2023-02-14 17:12:32.598 | INFO     | KeyWords.keyword_web:wait:94 - 系统强制休眠1s
2023-02-14 17:12:32.625 | INFO     | KeyWords.keyword_web:click:85 - 正在点击：//*[text()="已测评"]
2023-02-14 17:12:34.640 | INFO     | KeyWords.keyword_web:wait:94 - 系统强制休眠2s
2023-02-14 17:16:09.362 | INFO     | KeyWords.keyword_web:open:55 - 访问的地址：http://static.6noblexc.net/pc/#/home
2023-02-14 17:16:09.432 | INFO     | KeyWords.keyword_web:input:80 - 正在输入的内容：18500000234
2023-02-14 17:16:09.485 | INFO     | KeyWords.keyword_web:input:80 - 正在输入的内容：a123456
2023-02-14 17:16:09.518 | INFO     | KeyWords.keyword_web:click:85 - 正在点击：//*[@id="app"]/div/div[2]/div/div/div/div[1]/div[2]/div/div[2]/div[2]/div[1]/form/div[3]/label/span/span
2023-02-14 17:16:09.551 | INFO     | KeyWords.keyword_web:click:85 - 正在点击：//span[text()="登录"]
2023-02-14 17:16:11.563 | INFO     | KeyWords.keyword_web:wait:94 - 系统强制休眠2s
2023-02-14 17:16:11.616 | INFO     | KeyWords.keyword_web:click:85 - 正在点击：//*[@id="app"]/div/div[2]/div/div[2]/div/div[2]/div/div[1]/button/i
2023-02-14 17:16:12.624 | INFO     | KeyWords.keyword_web:wait:94 - 系统强制休眠1s
2023-02-14 17:16:13.635 | INFO     | KeyWords.keyword_web:wait:94 - 系统强制休眠1s
2023-02-14 17:16:14.924 | INFO     | KeyWords.keyword_web:wait:94 - 系统强制休眠1s
2023-02-14 17:16:14.957 | INFO     | KeyWords.keyword_web:click:85 - 正在点击：//*[text()="个人中心"]
2023-02-14 17:16:15.967 | INFO     | KeyWords.keyword_web:wait:94 - 系统强制休眠1s
2023-02-14 17:16:16.004 | INFO     | KeyWords.keyword_web:click:85 - 正在点击：//*[text()="我的测评"]
2023-02-14 17:16:17.015 | INFO     | KeyWords.keyword_web:wait:94 - 系统强制休眠1s
2023-02-14 17:16:17.047 | INFO     | KeyWords.keyword_web:click:85 - 正在点击：//*[text()="已测评"]
2023-02-14 17:16:19.049 | INFO     | KeyWords.keyword_web:wait:94 - 系统强制休眠2s
2023-02-14 17:16:19.096 | INFO     | KeyWords.keyword_web:click:85 - 正在点击：//*[text()="待测评"]
2023-02-14 17:16:21.097 | INFO     | KeyWords.keyword_web:wait:94 - 系统强制休眠2s
2023-02-14 17:16:21.131 | INFO     | KeyWords.keyword_web:click:85 - 正在点击：//*[text()=" 开始测试 "]
2023-02-14 17:16:23.139 | INFO     | KeyWords.keyword_web:wait:94 - 系统强制休眠2s
2023-02-14 17:16:23.172 | INFO     | KeyWords.keyword_web:click:85 - 正在点击：//*[@id="app"]/div/div[2]/div/div[1]/div/div/div/div/div[3]/div[1]/button
2023-02-14 17:16:23.203 | INFO     | KeyWords.keyword_web:click:85 - 正在点击：//*[text()=" 下一步 "]
2023-02-14 17:16:25.210 | INFO     | KeyWords.keyword_web:wait:94 - 系统强制休眠2s
2023-02-14 17:16:25.267 | INFO     | KeyWords.keyword_web:click:85 - 正在点击：//*[@id="app"]/div/div[2]/div/div[1]/div/div/div/div/div[2]/form/div[2]/div/div/div/div/input
2023-02-14 17:16:25.429 | INFO     | KeyWords.keyword_web:input:80 - 正在输入的内容：8班
2023-02-14 17:16:25.473 | INFO     | KeyWords.keyword_web:click:85 - 正在点击：//*[@id="app"]/div/div[2]/div/div[1]/div/div/div/div/div[2]/form/div[3]/div/div/div/div/input
2023-02-14 17:16:26.581 | INFO     | KeyWords.keyword_web:wait:94 - 系统强制休眠1s
2023-02-14 17:16:26.608 | INFO     | KeyWords.keyword_web:click:85 - 正在点击：//*[@id="app"]/div/div[2]/div/div[1]/div/div/div/div/button
2023-02-14 17:16:27.609 | INFO     | KeyWords.keyword_web:wait:94 - 系统强制休眠1s
2023-02-14 17:16:30.618 | INFO     | KeyWords.keyword_web:wait:94 - 系统强制休眠3s
2023-02-14 17:16:31.162 | INFO     | KeyWords.keyword_web:wait:94 - 系统强制休眠0.5s
2023-02-14 17:16:31.692 | INFO     | KeyWords.keyword_web:wait:94 - 系统强制休眠0.5s
2023-02-14 17:16:32.239 | INFO     | KeyWords.keyword_web:wait:94 - 系统强制休眠0.5s
2023-02-14 17:16:32.769 | INFO     | KeyWords.keyword_web:wait:94 - 系统强制休眠0.5s
2023-02-14 17:16:33.299 | INFO     | KeyWords.keyword_web:wait:94 - 系统强制休眠0.5s
2023-02-14 17:16:33.843 | INFO     | KeyWords.keyword_web:wait:94 - 系统强制休眠0.5s
2023-02-14 17:16:34.375 | INFO     | KeyWords.keyword_web:wait:94 - 系统强制休眠0.5s
2023-02-14 17:16:34.904 | INFO     | KeyWords.keyword_web:wait:94 - 系统强制休眠0.5s
2023-02-14 17:16:35.436 | INFO     | KeyWords.keyword_web:wait:94 - 系统强制休眠0.5s
2023-02-14 17:16:35.969 | INFO     | KeyWords.keyword_web:wait:94 - 系统强制休眠0.5s
2023-02-14 17:16:36.504 | INFO     | KeyWords.keyword_web:wait:94 - 系统强制休眠0.5s
2023-02-14 17:16:37.037 | INFO     | KeyWords.keyword_web:wait:94 - 系统强制休眠0.5s
2023-02-14 17:16:37.583 | INFO     | KeyWords.keyword_web:wait:94 - 系统强制休眠0.5s
2023-02-14 17:16:38.133 | INFO     | KeyWords.keyword_web:wait:94 - 系统强制休眠0.5s
2023-02-14 17:16:38.678 | INFO     | KeyWords.keyword_web:wait:94 - 系统强制休眠0.5s
2023-02-14 17:16:39.208 | INFO     | KeyWords.keyword_web:wait:94 - 系统强制休眠0.5s
2023-02-14 17:16:39.737 | INFO     | KeyWords.keyword_web:wait:94 - 系统强制休眠0.5s
2023-02-14 17:16:40.269 | INFO     | KeyWords.keyword_web:wait:94 - 系统强制休眠0.5s
2023-02-14 17:16:40.800 | INFO     | KeyWords.keyword_web:wait:94 - 系统强制休眠0.5s
2023-02-14 17:16:41.330 | INFO     | KeyWords.keyword_web:wait:94 - 系统强制休眠0.5s
2023-02-14 17:16:41.875 | INFO     | KeyWords.keyword_web:wait:94 - 系统强制休眠0.5s
2023-02-14 17:16:42.406 | INFO     | KeyWords.keyword_web:wait:94 - 系统强制休眠0.5s
2023-02-14 17:16:42.935 | INFO     | KeyWords.keyword_web:wait:94 - 系统强制休眠0.5s
2023-02-14 17:16:43.465 | INFO     | KeyWords.keyword_web:wait:94 - 系统强制休眠0.5s
2023-02-14 17:16:43.998 | INFO     | KeyWords.keyword_web:wait:94 - 系统强制休眠0.5s
2023-02-14 17:16:44.525 | INFO     | KeyWords.keyword_web:wait:94 - 系统强制休眠0.5s
2023-02-14 17:16:45.058 | INFO     | KeyWords.keyword_web:wait:94 - 系统强制休眠0.5s
2023-02-14 17:16:45.593 | INFO     | KeyWords.keyword_web:wait:94 - 系统强制休眠0.5s
2023-02-14 17:16:46.126 | INFO     | KeyWords.keyword_web:wait:94 - 系统强制休眠0.5s
2023-02-14 17:16:46.660 | INFO     | KeyWords.keyword_web:wait:94 - 系统强制休眠0.5s
2023-02-14 17:16:47.202 | INFO     | KeyWords.keyword_web:wait:94 - 系统强制休眠0.5s
2023-02-14 17:16:47.782 | INFO     | KeyWords.keyword_web:wait:94 - 系统强制休眠0.5s
2023-02-14 17:16:48.310 | INFO     | KeyWords.keyword_web:wait:94 - 系统强制休眠0.5s
2023-02-14 17:16:48.843 | INFO     | KeyWords.keyword_web:wait:94 - 系统强制休眠0.5s
2023-02-14 17:16:49.378 | INFO     | KeyWords.keyword_web:wait:94 - 系统强制休眠0.5s
2023-02-14 17:16:49.944 | INFO     | KeyWords.keyword_web:wait:94 - 系统强制休眠0.5s
2023-02-14 17:16:50.477 | INFO     | KeyWords.keyword_web:wait:94 - 系统强制休眠0.5s
2023-02-14 17:16:51.009 | INFO     | KeyWords.keyword_web:wait:94 - 系统强制休眠0.5s
2023-02-14 17:16:51.542 | INFO     | KeyWords.keyword_web:wait:94 - 系统强制休眠0.5s
2023-02-14 17:16:52.076 | INFO     | KeyWords.keyword_web:wait:94 - 系统强制休眠0.5s
2023-02-14 17:16:52.611 | INFO     | KeyWords.keyword_web:wait:94 - 系统强制休眠0.5s
2023-02-14 17:16:53.143 | INFO     | KeyWords.keyword_web:wait:94 - 系统强制休眠0.5s
2023-02-14 17:16:53.669 | INFO     | KeyWords.keyword_web:wait:94 - 系统强制休眠0.5s
2023-02-14 17:16:54.204 | INFO     | KeyWords.keyword_web:wait:94 - 系统强制休眠0.5s
2023-02-14 17:16:54.736 | INFO     | KeyWords.keyword_web:wait:94 - 系统强制休眠0.5s
2023-02-14 17:16:55.270 | INFO     | KeyWords.keyword_web:wait:94 - 系统强制休眠0.5s
2023-02-14 17:16:55.801 | INFO     | KeyWords.keyword_web:wait:94 - 系统强制休眠0.5s
2023-02-14 17:16:56.336 | INFO     | KeyWords.keyword_web:wait:94 - 系统强制休眠0.5s
2023-02-14 17:16:56.869 | INFO     | KeyWords.keyword_web:wait:94 - 系统强制休眠0.5s
2023-02-14 17:16:57.405 | INFO     | KeyWords.keyword_web:wait:94 - 系统强制休眠0.5s
2023-02-14 17:16:57.933 | INFO     | KeyWords.keyword_web:wait:94 - 系统强制休眠0.5s
2023-02-14 17:16:58.464 | INFO     | KeyWords.keyword_web:wait:94 - 系统强制休眠0.5s
2023-02-14 17:16:59.011 | INFO     | KeyWords.keyword_web:wait:94 - 系统强制休眠0.5s
2023-02-14 17:16:59.554 | INFO     | KeyWords.keyword_web:wait:94 - 系统强制休眠0.5s
2023-02-14 17:17:00.085 | INFO     | KeyWords.keyword_web:wait:94 - 系统强制休眠0.5s
2023-02-14 17:17:00.620 | INFO     | KeyWords.keyword_web:wait:94 - 系统强制休眠0.5s
2023-02-14 17:17:01.153 | INFO     | KeyWords.keyword_web:wait:94 - 系统强制休眠0.5s
2023-02-14 17:17:01.687 | INFO     | KeyWords.keyword_web:wait:94 - 系统强制休眠0.5s
2023-02-14 17:17:02.234 | INFO     | KeyWords.keyword_web:wait:94 - 系统强制休眠0.5s
2023-02-14 17:17:02.764 | INFO     | KeyWords.keyword_web:wait:94 - 系统强制休眠0.5s
2023-02-14 17:17:03.294 | INFO     | KeyWords.keyword_web:wait:94 - 系统强制休眠0.5s
2023-02-14 17:17:03.838 | INFO     | KeyWords.keyword_web:wait:94 - 系统强制休眠0.5s
2023-02-14 17:17:04.371 | INFO     | KeyWords.keyword_web:wait:94 - 系统强制休眠0.5s
2023-02-14 17:17:04.905 | INFO     | KeyWords.keyword_web:wait:94 - 系统强制休眠0.5s
2023-02-14 17:17:05.438 | INFO     | KeyWords.keyword_web:wait:94 - 系统强制休眠0.5s
2023-02-14 17:17:05.969 | INFO     | KeyWords.keyword_web:wait:94 - 系统强制休眠0.5s
2023-02-14 17:17:06.504 | INFO     | KeyWords.keyword_web:wait:94 - 系统强制休眠0.5s
2023-02-14 17:17:07.035 | INFO     | KeyWords.keyword_web:wait:94 - 系统强制休眠0.5s
2023-02-14 17:17:07.569 | INFO     | KeyWords.keyword_web:wait:94 - 系统强制休眠0.5s
2023-02-14 17:17:08.105 | INFO     | KeyWords.keyword_web:wait:94 - 系统强制休眠0.5s
2023-02-14 17:17:08.640 | INFO     | KeyWords.keyword_web:wait:94 - 系统强制休眠0.5s
2023-02-14 17:17:09.188 | INFO     | KeyWords.keyword_web:wait:94 - 系统强制休眠0.5s
2023-02-14 17:17:09.721 | INFO     | KeyWords.keyword_web:wait:94 - 系统强制休眠0.5s
2023-02-14 17:17:10.254 | INFO     | KeyWords.keyword_web:wait:94 - 系统强制休眠0.5s
2023-02-14 17:17:10.790 | INFO     | KeyWords.keyword_web:wait:94 - 系统强制休眠0.5s
2023-02-14 17:17:11.323 | INFO     | KeyWords.keyword_web:wait:94 - 系统强制休眠0.5s
2023-02-14 17:17:11.855 | INFO     | KeyWords.keyword_web:wait:94 - 系统强制休眠0.5s
2023-02-14 17:17:12.384 | INFO     | KeyWords.keyword_web:wait:94 - 系统强制休眠0.5s
2023-02-14 17:17:12.929 | INFO     | KeyWords.keyword_web:wait:94 - 系统强制休眠0.5s
2023-02-14 17:17:13.459 | INFO     | KeyWords.keyword_web:wait:94 - 系统强制休眠0.5s
2023-02-14 17:17:14.003 | INFO     | KeyWords.keyword_web:wait:94 - 系统强制休眠0.5s
2023-02-14 17:17:14.548 | INFO     | KeyWords.keyword_web:wait:94 - 系统强制休眠0.5s
2023-02-14 17:17:15.082 | INFO     | KeyWords.keyword_web:wait:94 - 系统强制休眠0.5s
2023-02-14 17:17:15.611 | INFO     | KeyWords.keyword_web:wait:94 - 系统强制休眠0.5s
2023-02-14 17:17:16.159 | INFO     | KeyWords.keyword_web:wait:94 - 系统强制休眠0.5s
2023-02-14 17:17:16.692 | INFO     | KeyWords.keyword_web:wait:94 - 系统强制休眠0.5s
2023-02-14 17:17:17.224 | INFO     | KeyWords.keyword_web:wait:94 - 系统强制休眠0.5s
2023-02-14 17:17:17.754 | INFO     | KeyWords.keyword_web:wait:94 - 系统强制休眠0.5s
2023-02-14 17:17:18.283 | INFO     | KeyWords.keyword_web:wait:94 - 系统强制休眠0.5s
2023-02-14 17:17:18.816 | INFO     | KeyWords.keyword_web:wait:94 - 系统强制休眠0.5s
2023-02-14 17:17:19.353 | INFO     | KeyWords.keyword_web:wait:94 - 系统强制休眠0.5s
2023-02-14 17:17:19.881 | INFO     | KeyWords.keyword_web:wait:94 - 系统强制休眠0.5s
2023-02-14 17:17:20.414 | INFO     | KeyWords.keyword_web:wait:94 - 系统强制休眠0.5s
2023-02-14 17:17:20.943 | INFO     | KeyWords.keyword_web:wait:94 - 系统强制休眠0.5s
2023-02-14 17:17:21.492 | INFO     | KeyWords.keyword_web:wait:94 - 系统强制休眠0.5s
2023-02-14 17:17:21.559 | INFO     | KeyWords.keyword_web:click:85 - 正在点击：//span[text()="提交"]
2023-02-14 17:17:26.568 | INFO     | KeyWords.keyword_web:wait:94 - 系统强制休眠5s
2023-02-14 17:17:27.863 | INFO     | KeyWords.keyword_web:wait:94 - 系统强制休眠1s
2023-02-14 17:17:27.920 | INFO     | KeyWords.keyword_web:click:85 - 正在点击：//*[text()="个人中心"]
2023-02-14 17:17:28.925 | INFO     | KeyWords.keyword_web:wait:94 - 系统强制休眠1s
2023-02-14 17:17:28.977 | INFO     | KeyWords.keyword_web:click:85 - 正在点击：//*[text()="我的测评"]
2023-02-14 17:17:29.988 | INFO     | KeyWords.keyword_web:wait:94 - 系统强制休眠1s
2023-02-14 17:17:30.021 | INFO     | KeyWords.keyword_web:click:85 - 正在点击：//*[text()="已测评"]
2023-02-14 17:17:32.028 | INFO     | KeyWords.keyword_web:wait:94 - 系统强制休眠2s
2023-02-14 17:19:37.810 | INFO     | KeyWords.keyword_web:open:55 - 访问的地址：http://static.6noblexc.net/pc/#/home
2023-02-14 17:19:37.878 | INFO     | KeyWords.keyword_web:input:80 - 正在输入的内容：18500000130
2023-02-14 17:19:37.938 | INFO     | KeyWords.keyword_web:input:80 - 正在输入的内容：a123456
2023-02-14 17:19:37.977 | INFO     | KeyWords.keyword_web:click:85 - 正在点击：//*[@id="app"]/div/div[2]/div/div/div/div[1]/div[2]/div/div[2]/div[2]/div[1]/form/div[3]/label/span/span
2023-02-14 17:19:38.020 | INFO     | KeyWords.keyword_web:click:85 - 正在点击：//span[text()="登录"]
2023-02-14 17:19:40.022 | INFO     | KeyWords.keyword_web:wait:94 - 系统强制休眠2s
2023-02-14 17:19:40.078 | INFO     | KeyWords.keyword_web:click:85 - 正在点击：//*[@id="app"]/div/div[2]/div/div[2]/div/div[2]/div/div[1]/button/i
2023-02-14 17:19:41.080 | INFO     | KeyWords.keyword_web:wait:94 - 系统强制休眠1s
2023-02-14 17:19:42.083 | INFO     | KeyWords.keyword_web:wait:94 - 系统强制休眠1s
2023-02-14 17:19:43.368 | INFO     | KeyWords.keyword_web:wait:94 - 系统强制休眠1s
2023-02-14 17:19:43.406 | INFO     | KeyWords.keyword_web:click:85 - 正在点击：//*[text()="个人中心"]
2023-02-14 17:19:44.418 | INFO     | KeyWords.keyword_web:wait:94 - 系统强制休眠1s
2023-02-14 17:19:44.457 | INFO     | KeyWords.keyword_web:click:85 - 正在点击：//*[text()="我的测评"]
2023-02-14 17:19:45.465 | INFO     | KeyWords.keyword_web:wait:94 - 系统强制休眠1s
2023-02-14 17:19:45.496 | INFO     | KeyWords.keyword_web:click:85 - 正在点击：//*[text()="已测评"]
2023-02-14 17:19:47.506 | INFO     | KeyWords.keyword_web:wait:94 - 系统强制休眠2s
2023-02-14 17:19:47.555 | INFO     | KeyWords.keyword_web:click:85 - 正在点击：//*[text()="待测评"]
2023-02-14 17:19:49.560 | INFO     | KeyWords.keyword_web:wait:94 - 系统强制休眠2s
2023-02-14 17:19:49.596 | INFO     | KeyWords.keyword_web:click:85 - 正在点击：//*[text()=" 开始测试 "]
2023-02-14 17:19:51.609 | INFO     | KeyWords.keyword_web:wait:94 - 系统强制休眠2s
2023-02-14 17:19:51.641 | INFO     | KeyWords.keyword_web:click:85 - 正在点击：//*[@id="app"]/div/div[2]/div/div[1]/div/div/div/div/div[3]/div[1]/button
2023-02-14 17:19:51.673 | INFO     | KeyWords.keyword_web:click:85 - 正在点击：//*[text()=" 下一步 "]
2023-02-14 17:19:53.675 | INFO     | KeyWords.keyword_web:wait:94 - 系统强制休眠2s
2023-02-14 17:19:53.738 | INFO     | KeyWords.keyword_web:click:85 - 正在点击：//*[@id="app"]/div/div[2]/div/div[1]/div/div/div/div/div[2]/form/div[2]/div/div/div/div/input
2023-02-14 17:19:53.897 | INFO     | KeyWords.keyword_web:input:80 - 正在输入的内容：8班
2023-02-14 17:19:53.952 | INFO     | KeyWords.keyword_web:click:85 - 正在点击：//*[@id="app"]/div/div[2]/div/div[1]/div/div/div/div/div[2]/form/div[3]/div/div/div/div/input
2023-02-14 17:19:55.064 | INFO     | KeyWords.keyword_web:wait:94 - 系统强制休眠1s
2023-02-14 17:19:55.094 | INFO     | KeyWords.keyword_web:click:85 - 正在点击：//*[@id="app"]/div/div[2]/div/div[1]/div/div/div/div/button
2023-02-14 17:19:56.109 | INFO     | KeyWords.keyword_web:wait:94 - 系统强制休眠1s
2023-02-14 17:19:59.114 | INFO     | KeyWords.keyword_web:wait:94 - 系统强制休眠3s
2023-02-14 17:19:59.660 | INFO     | KeyWords.keyword_web:wait:94 - 系统强制休眠0.5s
2023-02-14 17:20:00.204 | INFO     | KeyWords.keyword_web:wait:94 - 系统强制休眠0.5s
2023-02-14 17:20:00.749 | INFO     | KeyWords.keyword_web:wait:94 - 系统强制休眠0.5s
2023-02-14 17:20:01.281 | INFO     | KeyWords.keyword_web:wait:94 - 系统强制休眠0.5s
2023-02-14 17:20:01.828 | INFO     | KeyWords.keyword_web:wait:94 - 系统强制休眠0.5s
2023-02-14 17:20:02.355 | INFO     | KeyWords.keyword_web:wait:94 - 系统强制休眠0.5s
2023-02-14 17:20:02.899 | INFO     | KeyWords.keyword_web:wait:94 - 系统强制休眠0.5s
2023-02-14 17:20:03.428 | INFO     | KeyWords.keyword_web:wait:94 - 系统强制休眠0.5s
2023-02-14 17:20:03.973 | INFO     | KeyWords.keyword_web:wait:94 - 系统强制休眠0.5s
2023-02-14 17:20:04.503 | INFO     | KeyWords.keyword_web:wait:94 - 系统强制休眠0.5s
2023-02-14 17:20:05.034 | INFO     | KeyWords.keyword_web:wait:94 - 系统强制休眠0.5s
2023-02-14 17:20:05.564 | INFO     | KeyWords.keyword_web:wait:94 - 系统强制休眠0.5s
2023-02-14 17:20:06.094 | INFO     | KeyWords.keyword_web:wait:94 - 系统强制休眠0.5s
2023-02-14 17:20:06.637 | INFO     | KeyWords.keyword_web:wait:94 - 系统强制休眠0.5s
2023-02-14 17:20:07.170 | INFO     | KeyWords.keyword_web:wait:94 - 系统强制休眠0.5s
2023-02-14 17:20:07.750 | INFO     | KeyWords.keyword_web:wait:94 - 系统强制休眠0.5s
2023-02-14 17:20:08.279 | INFO     | KeyWords.keyword_web:wait:94 - 系统强制休眠0.5s
2023-02-14 17:20:08.809 | INFO     | KeyWords.keyword_web:wait:94 - 系统强制休眠0.5s
2023-02-14 17:20:09.355 | INFO     | KeyWords.keyword_web:wait:94 - 系统强制休眠0.5s
2023-02-14 17:20:09.883 | INFO     | KeyWords.keyword_web:wait:94 - 系统强制休眠0.5s
2023-02-14 17:20:10.414 | INFO     | KeyWords.keyword_web:wait:94 - 系统强制休眠0.5s
2023-02-14 17:20:10.947 | INFO     | KeyWords.keyword_web:wait:94 - 系统强制休眠0.5s
2023-02-14 17:20:11.476 | INFO     | KeyWords.keyword_web:wait:94 - 系统强制休眠0.5s
2023-02-14 17:20:12.004 | INFO     | KeyWords.keyword_web:wait:94 - 系统强制休眠0.5s
2023-02-14 17:20:12.535 | INFO     | KeyWords.keyword_web:wait:94 - 系统强制休眠0.5s
2023-02-14 17:20:13.080 | INFO     | KeyWords.keyword_web:wait:94 - 系统强制休眠0.5s
2023-02-14 17:20:13.609 | INFO     | KeyWords.keyword_web:wait:94 - 系统强制休眠0.5s
2023-02-14 17:20:14.157 | INFO     | KeyWords.keyword_web:wait:94 - 系统强制休眠0.5s
2023-02-14 17:20:14.709 | INFO     | KeyWords.keyword_web:wait:94 - 系统强制休眠0.5s
2023-02-14 17:20:15.276 | INFO     | KeyWords.keyword_web:wait:94 - 系统强制休眠0.5s
2023-02-14 17:20:15.820 | INFO     | KeyWords.keyword_web:wait:94 - 系统强制休眠0.5s
2023-02-14 17:20:16.349 | INFO     | KeyWords.keyword_web:wait:94 - 系统强制休眠0.5s
2023-02-14 17:20:16.881 | INFO     | KeyWords.keyword_web:wait:94 - 系统强制休眠0.5s
2023-02-14 17:20:17.415 | INFO     | KeyWords.keyword_web:wait:94 - 系统强制休眠0.5s
2023-02-14 17:20:17.946 | INFO     | KeyWords.keyword_web:wait:94 - 系统强制休眠0.5s
2023-02-14 17:20:18.492 | INFO     | KeyWords.keyword_web:wait:94 - 系统强制休眠0.5s
2023-02-14 17:20:19.029 | INFO     | KeyWords.keyword_web:wait:94 - 系统强制休眠0.5s
2023-02-14 17:20:19.561 | INFO     | KeyWords.keyword_web:wait:94 - 系统强制休眠0.5s
2023-02-14 17:20:20.095 | INFO     | KeyWords.keyword_web:wait:94 - 系统强制休眠0.5s
2023-02-14 17:20:20.628 | INFO     | KeyWords.keyword_web:wait:94 - 系统强制休眠0.5s
2023-02-14 17:20:21.172 | INFO     | KeyWords.keyword_web:wait:94 - 系统强制休眠0.5s
2023-02-14 17:20:21.704 | INFO     | KeyWords.keyword_web:wait:94 - 系统强制休眠0.5s
2023-02-14 17:20:22.232 | INFO     | KeyWords.keyword_web:wait:94 - 系统强制休眠0.5s
2023-02-14 17:20:22.775 | INFO     | KeyWords.keyword_web:wait:94 - 系统强制休眠0.5s
2023-02-14 17:20:23.317 | INFO     | KeyWords.keyword_web:wait:94 - 系统强制休眠0.5s
2023-02-14 17:20:23.848 | INFO     | KeyWords.keyword_web:wait:94 - 系统强制休眠0.5s
2023-02-14 17:20:24.408 | INFO     | KeyWords.keyword_web:wait:94 - 系统强制休眠0.5s
2023-02-14 17:20:24.941 | INFO     | KeyWords.keyword_web:wait:94 - 系统强制休眠0.5s
2023-02-14 17:20:25.473 | INFO     | KeyWords.keyword_web:wait:94 - 系统强制休眠0.5s
2023-02-14 17:20:26.017 | INFO     | KeyWords.keyword_web:wait:94 - 系统强制休眠0.5s
2023-02-14 17:20:26.549 | INFO     | KeyWords.keyword_web:wait:94 - 系统强制休眠0.5s
2023-02-14 17:20:27.079 | INFO     | KeyWords.keyword_web:wait:94 - 系统强制休眠0.5s
2023-02-14 17:20:27.623 | INFO     | KeyWords.keyword_web:wait:94 - 系统强制休眠0.5s
2023-02-14 17:20:28.159 | INFO     | KeyWords.keyword_web:wait:94 - 系统强制休眠0.5s
2023-02-14 17:20:28.699 | INFO     | KeyWords.keyword_web:wait:94 - 系统强制休眠0.5s
2023-02-14 17:20:29.237 | INFO     | KeyWords.keyword_web:wait:94 - 系统强制休眠0.5s
2023-02-14 17:20:29.791 | INFO     | KeyWords.keyword_web:wait:94 - 系统强制休眠0.5s
2023-02-14 17:20:30.339 | INFO     | KeyWords.keyword_web:wait:94 - 系统强制休眠0.5s
2023-02-14 17:20:30.870 | INFO     | KeyWords.keyword_web:wait:94 - 系统强制休眠0.5s
2023-02-14 17:20:31.406 | INFO     | KeyWords.keyword_web:wait:94 - 系统强制休眠0.5s
2023-02-14 17:20:31.946 | INFO     | KeyWords.keyword_web:wait:94 - 系统强制休眠0.5s
2023-02-14 17:20:32.478 | INFO     | KeyWords.keyword_web:wait:94 - 系统强制休眠0.5s
2023-02-14 17:20:33.008 | INFO     | KeyWords.keyword_web:wait:94 - 系统强制休眠0.5s
2023-02-14 17:20:33.540 | INFO     | KeyWords.keyword_web:wait:94 - 系统强制休眠0.5s
2023-02-14 17:20:34.069 | INFO     | KeyWords.keyword_web:wait:94 - 系统强制休眠0.5s
2023-02-14 17:20:34.605 | INFO     | KeyWords.keyword_web:wait:94 - 系统强制休眠0.5s
2023-02-14 17:20:35.151 | INFO     | KeyWords.keyword_web:wait:94 - 系统强制休眠0.5s
2023-02-14 17:20:35.732 | INFO     | KeyWords.keyword_web:wait:94 - 系统强制休眠0.5s
2023-02-14 17:20:36.311 | INFO     | KeyWords.keyword_web:wait:94 - 系统强制休眠0.5s
2023-02-14 17:20:36.843 | INFO     | KeyWords.keyword_web:wait:94 - 系统强制休眠0.5s
2023-02-14 17:20:37.373 | INFO     | KeyWords.keyword_web:wait:94 - 系统强制休眠0.5s
2023-02-14 17:20:37.919 | INFO     | KeyWords.keyword_web:wait:94 - 系统强制休眠0.5s
2023-02-14 17:20:38.451 | INFO     | KeyWords.keyword_web:wait:94 - 系统强制休眠0.5s
2023-02-14 17:20:38.996 | INFO     | KeyWords.keyword_web:wait:94 - 系统强制休眠0.5s
2023-02-14 17:20:39.547 | INFO     | KeyWords.keyword_web:wait:94 - 系统强制休眠0.5s
2023-02-14 17:20:40.088 | INFO     | KeyWords.keyword_web:wait:94 - 系统强制休眠0.5s
2023-02-14 17:20:40.623 | INFO     | KeyWords.keyword_web:wait:94 - 系统强制休眠0.5s
2023-02-14 17:20:41.167 | INFO     | KeyWords.keyword_web:wait:94 - 系统强制休眠0.5s
2023-02-14 17:20:41.716 | INFO     | KeyWords.keyword_web:wait:94 - 系统强制休眠0.5s
2023-02-14 17:20:42.247 | INFO     | KeyWords.keyword_web:wait:94 - 系统强制休眠0.5s
2023-02-14 17:20:42.790 | INFO     | KeyWords.keyword_web:wait:94 - 系统强制休眠0.5s
2023-02-14 17:20:43.320 | INFO     | KeyWords.keyword_web:wait:94 - 系统强制休眠0.5s
2023-02-14 17:20:43.853 | INFO     | KeyWords.keyword_web:wait:94 - 系统强制休眠0.5s
2023-02-14 17:20:44.395 | INFO     | KeyWords.keyword_web:wait:94 - 系统强制休眠0.5s
2023-02-14 17:20:44.929 | INFO     | KeyWords.keyword_web:wait:94 - 系统强制休眠0.5s
2023-02-14 17:20:45.474 | INFO     | KeyWords.keyword_web:wait:94 - 系统强制休眠0.5s
2023-02-14 17:20:46.008 | INFO     | KeyWords.keyword_web:wait:94 - 系统强制休眠0.5s
2023-02-14 17:20:46.541 | INFO     | KeyWords.keyword_web:wait:94 - 系统强制休眠0.5s
2023-02-14 17:20:47.086 | INFO     | KeyWords.keyword_web:wait:94 - 系统强制休眠0.5s
2023-02-14 17:20:47.635 | INFO     | KeyWords.keyword_web:wait:94 - 系统强制休眠0.5s
2023-02-14 17:20:48.167 | INFO     | KeyWords.keyword_web:wait:94 - 系统强制休眠0.5s
2023-02-14 17:20:48.696 | INFO     | KeyWords.keyword_web:wait:94 - 系统强制休眠0.5s
2023-02-14 17:20:49.224 | INFO     | KeyWords.keyword_web:wait:94 - 系统强制休眠0.5s
2023-02-14 17:20:49.756 | INFO     | KeyWords.keyword_web:wait:94 - 系统强制休眠0.5s
2023-02-14 17:20:50.289 | INFO     | KeyWords.keyword_web:wait:94 - 系统强制休眠0.5s
2023-02-14 17:20:50.353 | INFO     | KeyWords.keyword_web:click:85 - 正在点击：//span[text()="提交"]
2023-02-14 17:20:55.361 | INFO     | KeyWords.keyword_web:wait:94 - 系统强制休眠5s
2023-02-14 17:59:37.535 | INFO     | KeyWords.keyword_web:open:55 - 访问的地址：http://static.6noblexc.net/pc/#/home
2023-02-14 17:59:37.595 | INFO     | KeyWords.keyword_web:input:80 - 正在输入的内容：18500000020
2023-02-14 17:59:37.652 | INFO     | KeyWords.keyword_web:input:80 - 正在输入的内容：a123456
2023-02-14 17:59:37.696 | INFO     | KeyWords.keyword_web:click:85 - 正在点击：//*[@id="app"]/div/div[2]/div/div/div/div[1]/div[2]/div/div[2]/div[2]/div[1]/form/div[3]/label/span/span
2023-02-14 17:59:37.729 | INFO     | KeyWords.keyword_web:click:85 - 正在点击：//span[text()="登录"]
2023-02-14 17:59:39.735 | INFO     | KeyWords.keyword_web:wait:94 - 系统强制休眠2s
2023-02-14 17:59:39.781 | INFO     | KeyWords.keyword_web:click:85 - 正在点击：//*[@id="app"]/div/div[2]/div/div[2]/div/div[2]/div/div[1]/button/i
2023-02-14 17:59:40.796 | INFO     | KeyWords.keyword_web:wait:94 - 系统强制休眠1s
2023-02-14 17:59:41.812 | INFO     | KeyWords.keyword_web:wait:94 - 系统强制休眠1s
2023-02-14 17:59:43.100 | INFO     | KeyWords.keyword_web:wait:94 - 系统强制休眠1s
2023-02-14 17:59:43.130 | INFO     | KeyWords.keyword_web:click:85 - 正在点击：//*[text()="个人中心"]
2023-02-14 17:59:44.143 | INFO     | KeyWords.keyword_web:wait:94 - 系统强制休眠1s
2023-02-14 17:59:44.178 | INFO     | KeyWords.keyword_web:click:85 - 正在点击：//*[text()="我的测评"]
2023-02-14 17:59:45.190 | INFO     | KeyWords.keyword_web:wait:94 - 系统强制休眠1s
2023-02-14 17:59:45.224 | INFO     | KeyWords.keyword_web:click:85 - 正在点击：//*[text()="已测评"]
2023-02-14 17:59:47.232 | INFO     | KeyWords.keyword_web:wait:94 - 系统强制休眠2s
2023-02-14 17:59:47.282 | INFO     | KeyWords.keyword_web:click:85 - 正在点击：//*[text()="待测评"]
2023-02-14 17:59:49.286 | INFO     | KeyWords.keyword_web:wait:94 - 系统强制休眠2s
2023-02-14 17:59:49.322 | INFO     | KeyWords.keyword_web:click:85 - 正在点击：//*[text()=" 开始测试 "]
2023-02-14 17:59:51.327 | INFO     | KeyWords.keyword_web:wait:94 - 系统强制休眠2s
2023-02-14 17:59:51.358 | INFO     | KeyWords.keyword_web:click:85 - 正在点击：//*[@id="app"]/div/div[2]/div/div[1]/div/div/div/div/div[3]/div[1]/button
2023-02-14 17:59:51.388 | INFO     | KeyWords.keyword_web:click:85 - 正在点击：//*[text()=" 下一步 "]
2023-02-14 17:59:53.393 | INFO     | KeyWords.keyword_web:wait:94 - 系统强制休眠2s
2023-02-14 17:59:53.448 | INFO     | KeyWords.keyword_web:click:85 - 正在点击：//*[@id="app"]/div/div[2]/div/div[1]/div/div/div/div/div[2]/form/div[2]/div/div/div/div/input
2023-02-14 17:59:53.585 | INFO     | KeyWords.keyword_web:input:80 - 正在输入的内容：8班
2023-02-14 17:59:53.632 | INFO     | KeyWords.keyword_web:click:85 - 正在点击：//*[@id="app"]/div/div[2]/div/div[1]/div/div/div/div/div[2]/form/div[3]/div/div/div/div/input
2023-02-14 17:59:54.735 | INFO     | KeyWords.keyword_web:wait:94 - 系统强制休眠1s
2023-02-14 17:59:54.763 | INFO     | KeyWords.keyword_web:click:85 - 正在点击：//*[@id="app"]/div/div[2]/div/div[1]/div/div/div/div/button
2023-02-14 17:59:55.770 | INFO     | KeyWords.keyword_web:wait:94 - 系统强制休眠1s
2023-02-14 17:59:58.777 | INFO     | KeyWords.keyword_web:wait:94 - 系统强制休眠3s
2023-02-14 17:59:59.322 | INFO     | KeyWords.keyword_web:wait:94 - 系统强制休眠0.5s
2023-02-14 17:59:59.863 | INFO     | KeyWords.keyword_web:wait:94 - 系统强制休眠0.5s
2023-02-14 18:00:00.407 | INFO     | KeyWords.keyword_web:wait:94 - 系统强制休眠0.5s
2023-02-14 18:00:00.949 | INFO     | KeyWords.keyword_web:wait:94 - 系统强制休眠0.5s
2023-02-14 18:00:01.494 | INFO     | KeyWords.keyword_web:wait:94 - 系统强制休眠0.5s
2023-02-14 18:00:02.024 | INFO     | KeyWords.keyword_web:wait:94 - 系统强制休眠0.5s
2023-02-14 18:00:02.557 | INFO     | KeyWords.keyword_web:wait:94 - 系统强制休眠0.5s
2023-02-14 18:00:03.092 | INFO     | KeyWords.keyword_web:wait:94 - 系统强制休眠0.5s
2023-02-14 18:00:03.624 | INFO     | KeyWords.keyword_web:wait:94 - 系统强制休眠0.5s
2023-02-14 18:00:04.166 | INFO     | KeyWords.keyword_web:wait:94 - 系统强制休眠0.5s
2023-02-14 18:00:04.697 | INFO     | KeyWords.keyword_web:wait:94 - 系统强制休眠0.5s
2023-02-14 18:00:05.229 | INFO     | KeyWords.keyword_web:wait:94 - 系统强制休眠0.5s
2023-02-14 18:00:05.760 | INFO     | KeyWords.keyword_web:wait:94 - 系统强制休眠0.5s
2023-02-14 18:00:06.291 | INFO     | KeyWords.keyword_web:wait:94 - 系统强制休眠0.5s
2023-02-14 18:00:06.822 | INFO     | KeyWords.keyword_web:wait:94 - 系统强制休眠0.5s
2023-02-14 18:00:07.354 | INFO     | KeyWords.keyword_web:wait:94 - 系统强制休眠0.5s
2023-02-14 18:00:07.898 | INFO     | KeyWords.keyword_web:wait:94 - 系统强制休眠0.5s
2023-02-14 18:00:08.427 | INFO     | KeyWords.keyword_web:wait:94 - 系统强制休眠0.5s
2023-02-14 18:00:08.961 | INFO     | KeyWords.keyword_web:wait:94 - 系统强制休眠0.5s
2023-02-14 18:00:09.492 | INFO     | KeyWords.keyword_web:wait:94 - 系统强制休眠0.5s
2023-02-14 18:00:10.037 | INFO     | KeyWords.keyword_web:wait:94 - 系统强制休眠0.5s
2023-02-14 18:00:10.567 | INFO     | KeyWords.keyword_web:wait:94 - 系统强制休眠0.5s
2023-02-14 18:00:11.099 | INFO     | KeyWords.keyword_web:wait:94 - 系统强制休眠0.5s
2023-02-14 18:00:11.643 | INFO     | KeyWords.keyword_web:wait:94 - 系统强制休眠0.5s
2023-02-14 18:00:12.174 | INFO     | KeyWords.keyword_web:wait:94 - 系统强制休眠0.5s
2023-02-14 18:00:12.717 | INFO     | KeyWords.keyword_web:wait:94 - 系统强制休眠0.5s
2023-02-14 18:00:13.248 | INFO     | KeyWords.keyword_web:wait:94 - 系统强制休眠0.5s
2023-02-14 18:00:13.779 | INFO     | KeyWords.keyword_web:wait:94 - 系统强制休眠0.5s
2023-02-14 18:00:14.320 | INFO     | KeyWords.keyword_web:wait:94 - 系统强制休眠0.5s
2023-02-14 18:00:14.850 | INFO     | KeyWords.keyword_web:wait:94 - 系统强制休眠0.5s
2023-02-14 18:00:15.386 | INFO     | KeyWords.keyword_web:wait:94 - 系统强制休眠0.5s
2023-02-14 18:00:15.917 | INFO     | KeyWords.keyword_web:wait:94 - 系统强制休眠0.5s
2023-02-14 18:00:16.445 | INFO     | KeyWords.keyword_web:wait:94 - 系统强制休眠0.5s
2023-02-14 18:00:16.975 | INFO     | KeyWords.keyword_web:wait:94 - 系统强制休眠0.5s
2023-02-14 18:00:17.506 | INFO     | KeyWords.keyword_web:wait:94 - 系统强制休眠0.5s
2023-02-14 18:00:18.037 | INFO     | KeyWords.keyword_web:wait:94 - 系统强制休眠0.5s
2023-02-14 18:00:18.571 | INFO     | KeyWords.keyword_web:wait:94 - 系统强制休眠0.5s
2023-02-14 18:00:19.117 | INFO     | KeyWords.keyword_web:wait:94 - 系统强制休眠0.5s
2023-02-14 18:00:19.648 | INFO     | KeyWords.keyword_web:wait:94 - 系统强制休眠0.5s
2023-02-14 18:00:20.176 | INFO     | KeyWords.keyword_web:wait:94 - 系统强制休眠0.5s
2023-02-14 18:00:20.707 | INFO     | KeyWords.keyword_web:wait:94 - 系统强制休眠0.5s
2023-02-14 18:00:21.238 | INFO     | KeyWords.keyword_web:wait:94 - 系统强制休眠0.5s
2023-02-14 18:00:21.771 | INFO     | KeyWords.keyword_web:wait:94 - 系统强制休眠0.5s
2023-02-14 18:00:22.301 | INFO     | KeyWords.keyword_web:wait:94 - 系统强制休眠0.5s
2023-02-14 18:00:22.831 | INFO     | KeyWords.keyword_web:wait:94 - 系统强制休眠0.5s
2023-02-14 18:00:23.362 | INFO     | KeyWords.keyword_web:wait:94 - 系统强制休眠0.5s
2023-02-14 18:00:23.908 | INFO     | KeyWords.keyword_web:wait:94 - 系统强制休眠0.5s
2023-02-14 18:00:24.439 | INFO     | KeyWords.keyword_web:wait:94 - 系统强制休眠0.5s
2023-02-14 18:00:24.973 | INFO     | KeyWords.keyword_web:wait:94 - 系统强制休眠0.5s
2023-02-14 18:00:25.512 | INFO     | KeyWords.keyword_web:wait:94 - 系统强制休眠0.5s
2023-02-14 18:00:26.060 | INFO     | KeyWords.keyword_web:wait:94 - 系统强制休眠0.5s
2023-02-14 18:00:26.605 | INFO     | KeyWords.keyword_web:wait:94 - 系统强制休眠0.5s
2023-02-14 18:00:27.140 | INFO     | KeyWords.keyword_web:wait:94 - 系统强制休眠0.5s
2023-02-14 18:00:27.690 | INFO     | KeyWords.keyword_web:wait:94 - 系统强制休眠0.5s
2023-02-14 18:00:28.223 | INFO     | KeyWords.keyword_web:wait:94 - 系统强制休眠0.5s
2023-02-14 18:00:28.755 | INFO     | KeyWords.keyword_web:wait:94 - 系统强制休眠0.5s
2023-02-14 18:00:29.301 | INFO     | KeyWords.keyword_web:wait:94 - 系统强制休眠0.5s
2023-02-14 18:00:29.848 | INFO     | KeyWords.keyword_web:wait:94 - 系统强制休眠0.5s
2023-02-14 18:00:30.397 | INFO     | KeyWords.keyword_web:wait:94 - 系统强制休眠0.5s
2023-02-14 18:00:30.941 | INFO     | KeyWords.keyword_web:wait:94 - 系统强制休眠0.5s
2023-02-14 18:00:31.476 | INFO     | KeyWords.keyword_web:wait:94 - 系统强制休眠0.5s
2023-02-14 18:00:32.009 | INFO     | KeyWords.keyword_web:wait:94 - 系统强制休眠0.5s
2023-02-14 18:00:32.555 | INFO     | KeyWords.keyword_web:wait:94 - 系统强制休眠0.5s
2023-02-14 18:00:33.089 | INFO     | KeyWords.keyword_web:wait:94 - 系统强制休眠0.5s
2023-02-14 18:00:33.625 | INFO     | KeyWords.keyword_web:wait:94 - 系统强制休眠0.5s
2023-02-14 18:00:34.168 | INFO     | KeyWords.keyword_web:wait:94 - 系统强制休眠0.5s
2023-02-14 18:00:34.703 | INFO     | KeyWords.keyword_web:wait:94 - 系统强制休眠0.5s
2023-02-14 18:00:35.251 | INFO     | KeyWords.keyword_web:wait:94 - 系统强制休眠0.5s
2023-02-14 18:00:35.784 | INFO     | KeyWords.keyword_web:wait:94 - 系统强制休眠0.5s
2023-02-14 18:00:36.316 | INFO     | KeyWords.keyword_web:wait:94 - 系统强制休眠0.5s
2023-02-14 18:00:36.863 | INFO     | KeyWords.keyword_web:wait:94 - 系统强制休眠0.5s
2023-02-14 18:00:37.407 | INFO     | KeyWords.keyword_web:wait:94 - 系统强制休眠0.5s
2023-02-14 18:00:37.953 | INFO     | KeyWords.keyword_web:wait:94 - 系统强制休眠0.5s
2023-02-14 18:00:38.483 | INFO     | KeyWords.keyword_web:wait:94 - 系统强制休眠0.5s
2023-02-14 18:00:39.011 | INFO     | KeyWords.keyword_web:wait:94 - 系统强制休眠0.5s
2023-02-14 18:00:39.540 | INFO     | KeyWords.keyword_web:wait:94 - 系统强制休眠0.5s
2023-02-14 18:00:40.073 | INFO     | KeyWords.keyword_web:wait:94 - 系统强制休眠0.5s
2023-02-14 18:00:40.617 | INFO     | KeyWords.keyword_web:wait:94 - 系统强制休眠0.5s
2023-02-14 18:00:41.150 | INFO     | KeyWords.keyword_web:wait:94 - 系统强制休眠0.5s
2023-02-14 18:00:41.694 | INFO     | KeyWords.keyword_web:wait:94 - 系统强制休眠0.5s
2023-02-14 18:00:42.224 | INFO     | KeyWords.keyword_web:wait:94 - 系统强制休眠0.5s
2023-02-14 18:00:42.756 | INFO     | KeyWords.keyword_web:wait:94 - 系统强制休眠0.5s
2023-02-14 18:00:43.285 | INFO     | KeyWords.keyword_web:wait:94 - 系统强制休眠0.5s
2023-02-14 18:00:43.816 | INFO     | KeyWords.keyword_web:wait:94 - 系统强制休眠0.5s
2023-02-14 18:00:44.345 | INFO     | KeyWords.keyword_web:wait:94 - 系统强制休眠0.5s
2023-02-14 18:00:44.876 | INFO     | KeyWords.keyword_web:wait:94 - 系统强制休眠0.5s
2023-02-14 18:00:45.420 | INFO     | KeyWords.keyword_web:wait:94 - 系统强制休眠0.5s
2023-02-14 18:00:45.950 | INFO     | KeyWords.keyword_web:wait:94 - 系统强制休眠0.5s
2023-02-14 18:00:46.485 | INFO     | KeyWords.keyword_web:wait:94 - 系统强制休眠0.5s
2023-02-14 18:00:47.032 | INFO     | KeyWords.keyword_web:wait:94 - 系统强制休眠0.5s
2023-02-14 18:00:47.575 | INFO     | KeyWords.keyword_web:wait:94 - 系统强制休眠0.5s
2023-02-14 18:00:48.107 | INFO     | KeyWords.keyword_web:wait:94 - 系统强制休眠0.5s
2023-02-14 18:00:48.638 | INFO     | KeyWords.keyword_web:wait:94 - 系统强制休眠0.5s
2023-02-14 18:00:49.171 | INFO     | KeyWords.keyword_web:wait:94 - 系统强制休眠0.5s
2023-02-14 18:00:49.699 | INFO     | KeyWords.keyword_web:wait:94 - 系统强制休眠0.5s
2023-02-14 18:00:49.762 | INFO     | KeyWords.keyword_web:click:85 - 正在点击：//span[text()="提交"]
2023-02-14 18:00:54.768 | INFO     | KeyWords.keyword_web:wait:94 - 系统强制休眠5s
2023-02-14 18:33:37.297 | INFO     | KeyWords.keyword_web:open:55 - 访问的地址：http://static.6noblexc.net/pc/#/home
2023-02-14 18:33:37.382 | INFO     | KeyWords.keyword_web:input:80 - 正在输入的内容：18500000203
2023-02-14 18:33:37.442 | INFO     | KeyWords.keyword_web:input:80 - 正在输入的内容：a123456
2023-02-14 18:33:37.486 | INFO     | KeyWords.keyword_web:click:85 - 正在点击：//*[@id="app"]/div/div[2]/div/div/div/div[1]/div[2]/div/div[2]/div[2]/div[1]/form/div[3]/label/span/span
2023-02-14 18:33:37.522 | INFO     | KeyWords.keyword_web:click:85 - 正在点击：//span[text()="登录"]
2023-02-14 18:33:39.526 | INFO     | KeyWords.keyword_web:wait:94 - 系统强制休眠2s
2023-02-14 18:33:39.571 | INFO     | KeyWords.keyword_web:click:85 - 正在点击：//*[@id="app"]/div/div[2]/div/div[2]/div/div[2]/div/div[1]/button/i
2023-02-14 18:33:40.587 | INFO     | KeyWords.keyword_web:wait:94 - 系统强制休眠1s
2023-02-14 18:33:41.592 | INFO     | KeyWords.keyword_web:wait:94 - 系统强制休眠1s
2023-02-14 18:33:42.862 | INFO     | KeyWords.keyword_web:wait:94 - 系统强制休眠1s
