2023-01-30 14:04:19.038 | INFO     | KeyWords.Api_Keys:post:16 - 发送请求的地址为：https://hapi.6noblexc.com/api/6nobleapi/ucenter/login,发送的数据为：{'account': 'zdhcd000', 'password': 'e10adc3949ba59abbe56e057f20f883e', 'publicKey': 'pvj9bTwwaY4YdPiwRBH5RE25o9ZM8BHG'}
2023-01-30 14:04:20.667 | INFO     | KeyWords.Api_Keys:json_path:26 - 成功提取的数据为：3a758ab23f7546dd8c181860e5e659a6
2023-01-30 14:04:20.669 | INFO     | KeyWords.Api_Keys:get:10 - 发送请求的地址为：https://hapi.6noblexc.com/api/6nobleapi/ucenter/getUserBaseByToken,发送的数据为：{'token': '3a758ab23f7546dd8c181860e5e659a6', 'publicKey': 'pvj9bTwwaY4YdPiwRBH5RE25o9ZM8BHG'}
2023-01-30 14:04:21.388 | INFO     | KeyWords.Api_Keys:json_path:26 - 成功提取的数据为：zdhcd000
2023-01-30 14:04:21.389 | INFO     | KeyWords.Api_Keys:post:16 - 发送请求的地址为：https://hapi.6noblexc.com/api/6nobleapi/qnr/userEvaluationForm/getUserEvaluationFormByParams,发送的数据为：{'params': '{"params": [0,2,1]}', 'token': '3a758ab23f7546dd8c181860e5e659a6', 'publicKey': 'pvj9bTwwaY4YdPiwRBH5RE25o9ZM8BHG'}
2023-01-30 14:04:22.487 | INFO     | KeyWords.Api_Keys:json_path:26 - 成功提取的数据为：0
2023-01-30 14:04:22.489 | INFO     | KeyWords.Api_Keys:post:16 - 发送请求的地址为：https://hapi.6noblexc.com/api/6nobleapi/qnr/userEvaluationForm/getEvaluationFormByUserAndScale,发送的数据为：{'formId': ['FORM117402822357549465723390', 'FORM117403940732220620895022'], 'token': '3a758ab23f7546dd8c181860e5e659a6', 'publicKey': 'pvj9bTwwaY4YdPiwRBH5RE25o9ZM8BHG', 'params': '{"params": ["SCALE1129442022420208241505"]}'}
2023-01-30 14:04:23.973 | INFO     | KeyWords.Api_Keys:json_path:26 - 成功提取的数据为：0
2023-01-30 14:04:23.974 | INFO     | KeyWords.Api_Keys:post:16 - 发送请求的地址为：https://hapi.6noblexc.com/api/6nobleapi/qnr/evaluationQuestion/getEvaluationQuestionsRequestVo,发送的数据为：{'formId': ['FORM117402822357549465723390', 'FORM117403940732220620895022'], 'token': '3a758ab23f7546dd8c181860e5e659a6', 'publicKey': 'pvj9bTwwaY4YdPiwRBH5RE25o9ZM8BHG', 'scaleId': 'SCALE1129442022420208241505'}
2023-01-30 14:04:25.618 | INFO     | KeyWords.Api_Keys:json_path:26 - 成功提取的数据为：0
2023-01-30 14:04:25.622 | INFO     | KeyWords.Api_Keys:post:16 - 发送请求的地址为：https://hapi.6noblexc.com/api/6nobleapi/qnr/userEvaluationForm/getUserFormReport,发送的数据为：{'token': '3a758ab23f7546dd8c181860e5e659a6', 'publicKey': 'pvj9bTwwaY4YdPiwRBH5RE25o9ZM8BHG', 'formId': 'FORM117403940732220620895022'}
2023-01-30 14:04:26.848 | INFO     | KeyWords.Api_Keys:json_path:26 - 成功提取的数据为：0
2023-01-30 14:04:26.850 | INFO     | KeyWords.Api_Keys:post:16 - 发送请求的地址为：https://hapi.6noblexc.com/api/6nobleapi/qnr/evaluationScale/getRandomScale,发送的数据为：{'token': '3a758ab23f7546dd8c181860e5e659a6', 'publicKey': 'pvj9bTwwaY4YdPiwRBH5RE25o9ZM8BHG'}
2023-01-30 14:04:27.858 | INFO     | KeyWords.Api_Keys:json_path:26 - 成功提取的数据为：0
2023-01-30 14:04:27.860 | INFO     | KeyWords.Api_Keys:post:16 - 发送请求的地址为：https://hapi.6noblexc.com/api/6nobleapi/buz/instantGrab/getlist,发送的数据为：{'token': '3a758ab23f7546dd8c181860e5e659a6', 'publicKey': 'pvj9bTwwaY4YdPiwRBH5RE25o9ZM8BHG'}
2023-01-30 14:04:28.820 | INFO     | KeyWords.Api_Keys:json_path:26 - 成功提取的数据为：0
2023-01-30 14:04:28.822 | INFO     | KeyWords.Api_Keys:post:16 - 发送请求的地址为：https://hapi.6noblexc.com/api/6nobleapi/content/findContents,发送的数据为：{'token': '3a758ab23f7546dd8c181860e5e659a6', 'publicKey': 'pvj9bTwwaY4YdPiwRBH5RE25o9ZM8BHG', 'rangePage': 'topic_classes', 'rangeColumn': 113696311900058828828152, 'isAdmin': 0, 'rangeColumnSecond': None}
2023-01-30 14:04:29.443 | INFO     | KeyWords.Api_Keys:json_path:26 - 成功提取的数据为：0
2023-01-30 14:04:29.444 | INFO     | KeyWords.Api_Keys:post:16 - 发送请求的地址为：https://hapi.6noblexc.com/api/6nobleapi/content/findContents,发送的数据为：{'token': '3a758ab23f7546dd8c181860e5e659a6', 'publicKey': 'pvj9bTwwaY4YdPiwRBH5RE25o9ZM8BHG', 'rangePage': 'topic_classes', 'rangeColumn': 113671913460885504006733, 'isAdmin': 0, 'rangeColumnSecond': None}
2023-01-30 14:04:30.093 | INFO     | KeyWords.Api_Keys:json_path:26 - 成功提取的数据为：0
2023-01-30 14:04:30.095 | INFO     | KeyWords.Api_Keys:post:16 - 发送请求的地址为：https://hapi.6noblexc.com/api/6nobleapi/content/findContents,发送的数据为：{'token': '3a758ab23f7546dd8c181860e5e659a6', 'publicKey': 'pvj9bTwwaY4YdPiwRBH5RE25o9ZM8BHG', 'rangePage': 'topic_classes', 'rangeColumn': '5f0a6538a9780b9f43d9fc223278e199', 'isAdmin': 0, 'rangeColumnSecond': None}
2023-01-30 14:04:30.879 | INFO     | KeyWords.Api_Keys:json_path:26 - 成功提取的数据为：0
