2023-02-15 13:31:25.165 | INFO     | KeyWords.keyword_web:open:55 - 访问的地址：http://static.6noblexc.net/pc/#/home
2023-02-15 13:31:25.237 | INFO     | KeyWords.keyword_web:input:80 - 正在输入的内容：18500000073
2023-02-15 13:31:25.298 | INFO     | KeyWords.keyword_web:input:80 - 正在输入的内容：a123456
2023-02-15 13:31:25.337 | INFO     | KeyWords.keyword_web:click:85 - 正在点击：//*[@id="app"]/div/div[2]/div/div/div/div[1]/div[2]/div/div[2]/div[2]/div[1]/form/div[3]/label/span/span
2023-02-15 13:31:25.384 | INFO     | KeyWords.keyword_web:click:85 - 正在点击：//span[text()="登录"]
2023-02-15 13:31:27.400 | INFO     | KeyWords.keyword_web:wait:94 - 系统强制休眠2s
2023-02-15 13:31:27.449 | INFO     | KeyWords.keyword_web:click:85 - 正在点击：//*[@id="app"]/div/div[2]/div/div[2]/div/div[2]/div/div[1]/button/i
2023-02-15 13:31:28.456 | INFO     | KeyWords.keyword_web:wait:94 - 系统强制休眠1s
2023-02-15 13:31:29.459 | INFO     | KeyWords.keyword_web:wait:94 - 系统强制休眠1s
2023-02-15 13:31:30.748 | INFO     | KeyWords.keyword_web:wait:94 - 系统强制休眠1s
2023-02-15 13:31:30.781 | INFO     | KeyWords.keyword_web:click:85 - 正在点击：//*[text()="个人中心"]
2023-02-15 13:31:31.788 | INFO     | KeyWords.keyword_web:wait:94 - 系统强制休眠1s
2023-02-15 13:31:31.824 | INFO     | KeyWords.keyword_web:click:85 - 正在点击：//*[text()="我的测评"]
2023-02-15 13:31:32.830 | INFO     | KeyWords.keyword_web:wait:94 - 系统强制休眠1s
2023-02-15 13:31:32.863 | INFO     | KeyWords.keyword_web:click:85 - 正在点击：//*[text()="已测评"]
2023-02-15 13:31:34.872 | INFO     | KeyWords.keyword_web:wait:94 - 系统强制休眠2s
2023-02-15 13:31:34.918 | INFO     | KeyWords.keyword_web:click:85 - 正在点击：//*[text()="待测评"]
2023-02-15 13:31:36.930 | INFO     | KeyWords.keyword_web:wait:94 - 系统强制休眠2s
2023-02-15 13:31:36.966 | INFO     | KeyWords.keyword_web:click:85 - 正在点击：//*[text()=" 开始测试 "]
2023-02-15 13:31:38.968 | INFO     | KeyWords.keyword_web:wait:94 - 系统强制休眠2s
2023-02-15 13:31:39.000 | INFO     | KeyWords.keyword_web:click:85 - 正在点击：//*[@id="app"]/div/div[2]/div/div[1]/div/div/div/div/div[3]/div[1]/button
2023-02-15 13:31:39.032 | INFO     | KeyWords.keyword_web:click:85 - 正在点击：//*[text()=" 下一步 "]
2023-02-15 13:31:41.034 | INFO     | KeyWords.keyword_web:wait:94 - 系统强制休眠2s
2023-02-15 13:31:41.083 | INFO     | KeyWords.keyword_web:click:85 - 正在点击：//*[@id="app"]/div/div[2]/div/div[1]/div/div/div/div/div[2]/form/div[2]/div/div/div/div/input
2023-02-15 13:31:41.231 | INFO     | KeyWords.keyword_web:input:80 - 正在输入的内容：8班
2023-02-15 13:31:41.280 | INFO     | KeyWords.keyword_web:click:85 - 正在点击：//*[@id="app"]/div/div[2]/div/div[1]/div/div/div/div/div[2]/form/div[3]/div/div/div/div/input
2023-02-15 13:31:42.379 | INFO     | KeyWords.keyword_web:wait:94 - 系统强制休眠1s
2023-02-15 13:31:42.409 | INFO     | KeyWords.keyword_web:click:85 - 正在点击：//*[@id="app"]/div/div[2]/div/div[1]/div/div/div/div/button
2023-02-15 13:31:43.409 | INFO     | KeyWords.keyword_web:wait:94 - 系统强制休眠1s
2023-02-15 13:31:46.425 | INFO     | KeyWords.keyword_web:wait:94 - 系统强制休眠3s
2023-02-15 13:31:46.969 | INFO     | KeyWords.keyword_web:wait:94 - 系统强制休眠0.5s
2023-02-15 13:31:47.511 | INFO     | KeyWords.keyword_web:wait:94 - 系统强制休眠0.5s
2023-02-15 13:31:48.057 | INFO     | KeyWords.keyword_web:wait:94 - 系统强制休眠0.5s
2023-02-15 13:31:48.587 | INFO     | KeyWords.keyword_web:wait:94 - 系统强制休眠0.5s
2023-02-15 13:31:49.134 | INFO     | KeyWords.keyword_web:wait:94 - 系统强制休眠0.5s
2023-02-15 13:31:49.682 | INFO     | KeyWords.keyword_web:wait:94 - 系统强制休眠0.5s
2023-02-15 13:31:50.226 | INFO     | KeyWords.keyword_web:wait:94 - 系统强制休眠0.5s
2023-02-15 13:31:50.757 | INFO     | KeyWords.keyword_web:wait:94 - 系统强制休眠0.5s
2023-02-15 13:31:51.283 | INFO     | KeyWords.keyword_web:wait:94 - 系统强制休眠0.5s
2023-02-15 13:31:51.816 | INFO     | KeyWords.keyword_web:wait:94 - 系统强制休眠0.5s
2023-02-15 13:31:52.361 | INFO     | KeyWords.keyword_web:wait:94 - 系统强制休眠0.5s
2023-02-15 13:31:52.904 | INFO     | KeyWords.keyword_web:wait:94 - 系统强制休眠0.5s
2023-02-15 13:31:53.436 | INFO     | KeyWords.keyword_web:wait:94 - 系统强制休眠0.5s
2023-02-15 13:31:53.967 | INFO     | KeyWords.keyword_web:wait:94 - 系统强制休眠0.5s
2023-02-15 13:31:54.498 | INFO     | KeyWords.keyword_web:wait:94 - 系统强制休眠0.5s
2023-02-15 13:31:55.045 | INFO     | KeyWords.keyword_web:wait:94 - 系统强制休眠0.5s
2023-02-15 13:31:55.589 | INFO     | KeyWords.keyword_web:wait:94 - 系统强制休眠0.5s
2023-02-15 13:31:56.120 | INFO     | KeyWords.keyword_web:wait:94 - 系统强制休眠0.5s
2023-02-15 13:31:56.660 | INFO     | KeyWords.keyword_web:wait:94 - 系统强制休眠0.5s
2023-02-15 13:31:57.194 | INFO     | KeyWords.keyword_web:wait:94 - 系统强制休眠0.5s
2023-02-15 13:31:57.740 | INFO     | KeyWords.keyword_web:wait:94 - 系统强制休眠0.5s
2023-02-15 13:31:58.272 | INFO     | KeyWords.keyword_web:wait:94 - 系统强制休眠0.5s
2023-02-15 13:31:58.800 | INFO     | KeyWords.keyword_web:wait:94 - 系统强制休眠0.5s
2023-02-15 13:31:59.330 | INFO     | KeyWords.keyword_web:wait:94 - 系统强制休眠0.5s
2023-02-15 13:31:59.864 | INFO     | KeyWords.keyword_web:wait:94 - 系统强制休眠0.5s
2023-02-15 13:32:00.393 | INFO     | KeyWords.keyword_web:wait:94 - 系统强制休眠0.5s
2023-02-15 13:32:00.929 | INFO     | KeyWords.keyword_web:wait:94 - 系统强制休眠0.5s
2023-02-15 13:32:01.471 | INFO     | KeyWords.keyword_web:wait:94 - 系统强制休眠0.5s
2023-02-15 13:32:02.014 | INFO     | KeyWords.keyword_web:wait:94 - 系统强制休眠0.5s
2023-02-15 13:32:02.544 | INFO     | KeyWords.keyword_web:wait:94 - 系统强制休眠0.5s
2023-02-15 13:32:03.075 | INFO     | KeyWords.keyword_web:wait:94 - 系统强制休眠0.5s
2023-02-15 13:32:03.606 | INFO     | KeyWords.keyword_web:wait:94 - 系统强制休眠0.5s
2023-02-15 13:32:04.133 | INFO     | KeyWords.keyword_web:wait:94 - 系统强制休眠0.5s
2023-02-15 13:32:04.665 | INFO     | KeyWords.keyword_web:wait:94 - 系统强制休眠0.5s
2023-02-15 13:32:05.196 | INFO     | KeyWords.keyword_web:wait:94 - 系统强制休眠0.5s
2023-02-15 13:32:05.739 | INFO     | KeyWords.keyword_web:wait:94 - 系统强制休眠0.5s
2023-02-15 13:32:06.281 | INFO     | KeyWords.keyword_web:wait:94 - 系统强制休眠0.5s
2023-02-15 13:32:06.824 | INFO     | KeyWords.keyword_web:wait:94 - 系统强制休眠0.5s
2023-02-15 13:32:07.352 | INFO     | KeyWords.keyword_web:wait:94 - 系统强制休眠0.5s
2023-02-15 13:32:07.900 | INFO     | KeyWords.keyword_web:wait:94 - 系统强制休眠0.5s
2023-02-15 13:32:08.431 | INFO     | KeyWords.keyword_web:wait:94 - 系统强制休眠0.5s
2023-02-15 13:32:08.962 | INFO     | KeyWords.keyword_web:wait:94 - 系统强制休眠0.5s
2023-02-15 13:32:09.506 | INFO     | KeyWords.keyword_web:wait:94 - 系统强制休眠0.5s
2023-02-15 13:32:10.038 | INFO     | KeyWords.keyword_web:wait:94 - 系统强制休眠0.5s
2023-02-15 13:32:10.568 | INFO     | KeyWords.keyword_web:wait:94 - 系统强制休眠0.5s
2023-02-15 13:32:11.111 | INFO     | KeyWords.keyword_web:wait:94 - 系统强制休眠0.5s
2023-02-15 13:32:11.643 | INFO     | KeyWords.keyword_web:wait:94 - 系统强制休眠0.5s
2023-02-15 13:32:12.179 | INFO     | KeyWords.keyword_web:wait:94 - 系统强制休眠0.5s
2023-02-15 13:32:12.723 | INFO     | KeyWords.keyword_web:wait:94 - 系统强制休眠0.5s
2023-02-15 13:32:13.264 | INFO     | KeyWords.keyword_web:wait:94 - 系统强制休眠0.5s
2023-02-15 13:32:13.810 | INFO     | KeyWords.keyword_web:wait:94 - 系统强制休眠0.5s
2023-02-15 13:32:14.339 | INFO     | KeyWords.keyword_web:wait:94 - 系统强制休眠0.5s
2023-02-15 13:32:14.871 | INFO     | KeyWords.keyword_web:wait:94 - 系统强制休眠0.5s
2023-02-15 13:32:15.401 | INFO     | KeyWords.keyword_web:wait:94 - 系统强制休眠0.5s
2023-02-15 13:32:15.945 | INFO     | KeyWords.keyword_web:wait:94 - 系统强制休眠0.5s
2023-02-15 13:32:16.489 | INFO     | KeyWords.keyword_web:wait:94 - 系统强制休眠0.5s
2023-02-15 13:32:17.035 | INFO     | KeyWords.keyword_web:wait:94 - 系统强制休眠0.5s
2023-02-15 13:32:17.583 | INFO     | KeyWords.keyword_web:wait:94 - 系统强制休眠0.5s
2023-02-15 13:32:18.115 | INFO     | KeyWords.keyword_web:wait:94 - 系统强制休眠0.5s
2023-02-15 13:32:18.648 | INFO     | KeyWords.keyword_web:wait:94 - 系统强制休眠0.5s
2023-02-15 13:32:19.193 | INFO     | KeyWords.keyword_web:wait:94 - 系统强制休眠0.5s
2023-02-15 13:32:19.724 | INFO     | KeyWords.keyword_web:wait:94 - 系统强制休眠0.5s
2023-02-15 13:32:20.269 | INFO     | KeyWords.keyword_web:wait:94 - 系统强制休眠0.5s
2023-02-15 13:32:20.797 | INFO     | KeyWords.keyword_web:wait:94 - 系统强制休眠0.5s
2023-02-15 13:32:21.342 | INFO     | KeyWords.keyword_web:wait:94 - 系统强制休眠0.5s
2023-02-15 13:32:21.875 | INFO     | KeyWords.keyword_web:wait:94 - 系统强制休眠0.5s
2023-02-15 13:32:22.420 | INFO     | KeyWords.keyword_web:wait:94 - 系统强制休眠0.5s
2023-02-15 13:32:22.963 | INFO     | KeyWords.keyword_web:wait:94 - 系统强制休眠0.5s
2023-02-15 13:32:23.509 | INFO     | KeyWords.keyword_web:wait:94 - 系统强制休眠0.5s
2023-02-15 13:32:24.039 | INFO     | KeyWords.keyword_web:wait:94 - 系统强制休眠0.5s
2023-02-15 13:32:24.583 | INFO     | KeyWords.keyword_web:wait:94 - 系统强制休眠0.5s
2023-02-15 13:32:25.126 | INFO     | KeyWords.keyword_web:wait:94 - 系统强制休眠0.5s
2023-02-15 13:32:25.673 | INFO     | KeyWords.keyword_web:wait:94 - 系统强制休眠0.5s
2023-02-15 13:32:26.217 | INFO     | KeyWords.keyword_web:wait:94 - 系统强制休眠0.5s
2023-02-15 13:32:26.749 | INFO     | KeyWords.keyword_web:wait:94 - 系统强制休眠0.5s
2023-02-15 13:32:27.291 | INFO     | KeyWords.keyword_web:wait:94 - 系统强制休眠0.5s
2023-02-15 13:32:27.822 | INFO     | KeyWords.keyword_web:wait:94 - 系统强制休眠0.5s
2023-02-15 13:32:28.364 | INFO     | KeyWords.keyword_web:wait:94 - 系统强制休眠0.5s
2023-02-15 13:32:28.910 | INFO     | KeyWords.keyword_web:wait:94 - 系统强制休眠0.5s
2023-02-15 13:32:29.441 | INFO     | KeyWords.keyword_web:wait:94 - 系统强制休眠0.5s
2023-02-15 13:32:29.974 | INFO     | KeyWords.keyword_web:wait:94 - 系统强制休眠0.5s
2023-02-15 13:32:30.501 | INFO     | KeyWords.keyword_web:wait:94 - 系统强制休眠0.5s
2023-02-15 13:32:31.048 | INFO     | KeyWords.keyword_web:wait:94 - 系统强制休眠0.5s
2023-02-15 13:32:31.578 | INFO     | KeyWords.keyword_web:wait:94 - 系统强制休眠0.5s
2023-02-15 13:32:32.121 | INFO     | KeyWords.keyword_web:wait:94 - 系统强制休眠0.5s
2023-02-15 13:32:32.648 | INFO     | KeyWords.keyword_web:wait:94 - 系统强制休眠0.5s
2023-02-15 13:32:33.193 | INFO     | KeyWords.keyword_web:wait:94 - 系统强制休眠0.5s
2023-02-15 13:32:33.722 | INFO     | KeyWords.keyword_web:wait:94 - 系统强制休眠0.5s
2023-02-15 13:32:34.266 | INFO     | KeyWords.keyword_web:wait:94 - 系统强制休眠0.5s
2023-02-15 13:32:34.809 | INFO     | KeyWords.keyword_web:wait:94 - 系统强制休眠0.5s
2023-02-15 13:32:35.345 | INFO     | KeyWords.keyword_web:wait:94 - 系统强制休眠0.5s
2023-02-15 13:32:35.876 | INFO     | KeyWords.keyword_web:wait:94 - 系统强制休眠0.5s
2023-02-15 13:32:36.410 | INFO     | KeyWords.keyword_web:wait:94 - 系统强制休眠0.5s
2023-02-15 13:32:36.953 | INFO     | KeyWords.keyword_web:wait:94 - 系统强制休眠0.5s
2023-02-15 13:32:37.487 | INFO     | KeyWords.keyword_web:wait:94 - 系统强制休眠0.5s
2023-02-15 13:32:37.548 | INFO     | KeyWords.keyword_web:click:85 - 正在点击：//span[text()="提交"]
2023-02-15 13:32:42.557 | INFO     | KeyWords.keyword_web:wait:94 - 系统强制休眠5s
