2022-07-07 15:29:31,918 6noble.py INFO  test_01  本次参与测评的用户账号为：107183
2022-07-07 15:29:31,918 6noble.py INFO  test_01  ----------------------------------------本次自动化测试开始执行-------------------------------------------
2022-07-07 15:29:33,867 6noble.py INFO  test_01  登录成功
2022-07-07 15:29:36,917 6noble.py INFO  test_02  已经关闭了设置新密码的弹窗
2022-07-07 15:29:36,917 6noble.py INFO  test_02  点击量表
2022-07-07 15:29:48,973 6noble.py INFO  test_02  点击开始答题
2022-07-07 15:29:51,009 6noble.py INFO  test_02  点击下一步
2022-07-07 15:29:51,074 6noble.py INFO  test_02  点击开始测评按钮
2022-07-07 15:29:53,114 6noble.py INFO  test_03  开始答题
2022-07-07 15:29:57,203 6noble.py INFO  test_03  正在回答第:1题
2022-07-07 15:29:58,239 6noble.py INFO  test_03  正在回答第:2题
2022-07-07 15:29:59,271 6noble.py INFO  test_03  正在回答第:3题
2022-07-07 15:30:00,303 6noble.py INFO  test_03  正在回答第:4题
2022-07-07 15:30:02,190 6noble.py INFO  test_03  正在回答第:5题
2022-07-07 15:30:03,228 6noble.py INFO  test_03  正在回答第:6题
2022-07-07 15:30:04,262 6noble.py INFO  test_03  正在回答第:7题
2022-07-07 15:30:05,296 6noble.py INFO  test_03  正在回答第:8题
2022-07-07 15:30:06,330 6noble.py INFO  test_03  正在回答第:9题
2022-07-07 15:30:07,363 6noble.py INFO  test_03  正在回答第:10题
2022-07-07 15:30:08,402 6noble.py INFO  test_03  正在回答第:11题
2022-07-07 15:30:09,436 6noble.py INFO  test_03  正在回答第:12题
2022-07-07 15:30:10,478 6noble.py INFO  test_03  正在回答第:13题
2022-07-07 15:30:11,512 6noble.py INFO  test_03  正在回答第:14题
2022-07-07 15:30:12,542 6noble.py INFO  test_03  正在回答第:15题
2022-07-07 15:30:13,572 6noble.py INFO  test_03  正在回答第:16题
2022-07-07 15:30:14,599 6noble.py INFO  test_03  正在回答第:17题
2022-07-07 15:30:15,625 6noble.py INFO  test_03  正在回答第:18题
2022-07-07 15:30:16,653 6noble.py INFO  test_03  正在回答第:19题
2022-07-07 15:30:17,686 6noble.py INFO  test_03  正在回答第:20题
2022-07-07 15:30:18,720 6noble.py INFO  test_03  正在回答第:21题
2022-07-07 15:30:19,758 6noble.py INFO  test_03  正在回答第:22题
2022-07-07 15:30:20,787 6noble.py INFO  test_03  正在回答第:23题
2022-07-07 15:30:21,818 6noble.py INFO  test_03  正在回答第:24题
2022-07-07 15:30:22,851 6noble.py INFO  test_03  正在回答第:25题
2022-07-07 15:30:23,882 6noble.py INFO  test_03  正在回答第:26题
2022-07-07 15:30:24,911 6noble.py INFO  test_03  正在回答第:27题
2022-07-07 15:30:25,940 6noble.py INFO  test_03  正在回答第:28题
2022-07-07 15:30:26,966 6noble.py INFO  test_03  正在回答第:29题
2022-07-07 15:30:27,994 6noble.py INFO  test_03  正在回答第:30题
2022-07-07 15:30:29,039 6noble.py INFO  test_03  正在回答第:31题
2022-07-07 15:30:30,071 6noble.py INFO  test_03  正在回答第:32题
2022-07-07 15:30:31,103 6noble.py INFO  test_03  正在回答第:33题
2022-07-07 15:30:32,136 6noble.py INFO  test_03  正在回答第:34题
2022-07-07 15:30:33,175 6noble.py INFO  test_03  正在回答第:35题
2022-07-07 15:30:34,217 6noble.py INFO  test_03  正在回答第:36题
2022-07-07 15:30:35,247 6noble.py INFO  test_03  正在回答第:37题
2022-07-07 15:30:36,273 6noble.py INFO  test_03  正在回答第:38题
2022-07-07 15:30:37,302 6noble.py INFO  test_03  正在回答第:39题
2022-07-07 15:30:38,335 6noble.py INFO  test_03  正在回答第:40题
2022-07-07 15:30:39,364 6noble.py INFO  test_03  正在回答第:41题
2022-07-07 15:30:40,411 6noble.py INFO  test_03  正在回答第:42题
2022-07-07 15:30:41,436 6noble.py INFO  test_03  正在回答第:43题
2022-07-07 15:30:42,463 6noble.py INFO  test_03  正在回答第:44题
2022-07-07 15:30:43,492 6noble.py INFO  test_03  正在回答第:45题
2022-07-07 15:30:44,523 6noble.py INFO  test_03  正在回答第:46题
2022-07-07 15:30:45,549 6noble.py INFO  test_03  正在回答第:47题
2022-07-07 15:30:46,577 6noble.py INFO  test_03  正在回答第:48题
2022-07-07 15:30:47,611 6noble.py INFO  test_03  正在回答第:49题
2022-07-07 15:30:48,645 6noble.py INFO  test_03  正在回答第:50题
2022-07-07 15:30:49,677 6noble.py INFO  test_03  正在回答第:51题
2022-07-07 15:30:50,708 6noble.py INFO  test_03  正在回答第:52题
2022-07-07 15:30:51,736 6noble.py INFO  test_03  正在回答第:53题
2022-07-07 15:30:52,763 6noble.py INFO  test_03  正在回答第:54题
2022-07-07 15:30:53,790 6noble.py INFO  test_03  正在回答第:55题
2022-07-07 15:30:54,824 6noble.py INFO  test_03  正在回答第:56题
2022-07-07 15:30:55,860 6noble.py INFO  test_03  正在回答第:57题
2022-07-07 15:30:56,896 6noble.py INFO  test_03  正在回答第:58题
2022-07-07 15:30:57,924 6noble.py INFO  test_03  正在回答第:59题
2022-07-07 15:30:58,950 6noble.py INFO  test_03  正在回答第:60题
2022-07-07 15:30:59,980 6noble.py INFO  test_03  正在回答第:61题
2022-07-07 15:31:01,011 6noble.py INFO  test_03  正在回答第:62题
2022-07-07 15:31:02,044 6noble.py INFO  test_03  正在回答第:63题
2022-07-07 15:31:03,072 6noble.py INFO  test_03  正在回答第:64题
2022-07-07 15:31:04,106 6noble.py INFO  test_03  正在回答第:65题
2022-07-07 15:31:05,135 6noble.py INFO  test_03  正在回答第:66题
2022-07-07 15:31:06,162 6noble.py INFO  test_03  正在回答第:67题
2022-07-07 15:31:07,191 6noble.py INFO  test_03  正在回答第:68题
2022-07-07 15:31:08,218 6noble.py INFO  test_03  正在回答第:69题
2022-07-07 15:31:09,250 6noble.py INFO  test_03  正在回答第:70题
2022-07-07 15:31:10,279 6noble.py INFO  test_03  正在回答第:71题
2022-07-07 15:31:11,311 6noble.py INFO  test_03  正在回答第:72题
2022-07-07 15:31:12,346 6noble.py INFO  test_03  正在回答第:73题
2022-07-07 15:31:13,376 6noble.py INFO  test_03  正在回答第:74题
2022-07-07 15:31:14,409 6noble.py INFO  test_03  正在回答第:75题
2022-07-07 15:31:15,444 6noble.py INFO  test_03  正在回答第:76题
2022-07-07 15:31:16,469 6noble.py INFO  test_03  正在回答第:77题
2022-07-07 15:31:17,500 6noble.py INFO  test_03  正在回答第:78题
2022-07-07 15:31:18,529 6noble.py INFO  test_03  正在回答第:79题
2022-07-07 15:31:19,556 6noble.py INFO  test_03  正在回答第:80题
2022-07-07 15:31:20,584 6noble.py INFO  test_03  正在回答第:81题
2022-07-07 15:31:21,626 6noble.py INFO  test_03  正在回答第:82题
2022-07-07 15:31:22,654 6noble.py INFO  test_03  正在回答第:83题
2022-07-07 15:31:23,681 6noble.py INFO  test_03  正在回答第:84题
2022-07-07 15:31:24,709 6noble.py INFO  test_03  正在回答第:85题
2022-07-07 15:31:25,734 6noble.py INFO  test_03  正在回答第:86题
2022-07-07 15:31:26,759 6noble.py INFO  test_03  正在回答第:87题
2022-07-07 15:31:27,785 6noble.py INFO  test_03  正在回答第:88题
2022-07-07 15:31:28,830 6noble.py INFO  test_03  正在回答第:89题
2022-07-07 15:31:29,858 6noble.py INFO  test_03  正在回答第:90题
2022-07-07 15:31:30,907 6noble.py INFO  test_03  正在回答第:91题
2022-07-07 15:31:31,943 6noble.py INFO  test_03  正在回答第:92题
2022-07-07 15:31:32,971 6noble.py INFO  test_03  正在回答第:93题
2022-07-07 15:31:34,006 6noble.py INFO  test_03  正在回答第:94题
2022-07-07 15:31:35,049 6noble.py INFO  test_03  正在回答第:95题
2022-07-07 15:31:36,075 6noble.py INFO  test_03  正在回答第:96题
2022-07-07 15:31:37,104 6noble.py INFO  test_03  正在回答第:97题
2022-07-07 15:31:38,134 6noble.py INFO  test_03  正在回答第:98题
2022-07-07 15:31:39,172 6noble.py INFO  test_03  正在回答第:99题
2022-07-07 15:31:40,204 6noble.py INFO  test_03  正在回答第:100题
2022-07-07 15:31:41,232 6noble.py INFO  test_03  正在回答第:101题
2022-07-07 15:31:42,266 6noble.py INFO  test_03  正在回答第:102题
2022-07-07 15:31:43,297 6noble.py INFO  test_03  正在回答第:103题
2022-07-07 15:31:44,328 6noble.py INFO  test_03  正在回答第:104题
